[INFO ] 13-12-2023 11:12:58 [background-preinit] Version - HV000001: Hibernate Validator 8.0.1.Final
[INFO ] 13-12-2023 11:12:58 [restartedMain] GreenfarmApplication - Starting GreenfarmApplication using Java 17.0.7 with PID 15908 (D:\Ki 6\Java6ThayLiem\DATN\target\classes started by Admin in D:\Ki 6\Java6ThayLiem\DATN)
[DEBUG] 13-12-2023 11:12:58 [restartedMain] GreenfarmApplication - Running with Spring Boot v3.1.3, Spring v6.0.11
[INFO ] 13-12-2023 11:12:58 [restartedMain] GreenfarmApplication - No active profile set, falling back to 1 default profile: "default"
[INFO ] 13-12-2023 11:12:58 [restartedMain] ChangeableUrls - The Class-Path manifest attribute in C:\Users\Admin\.m2\repository\xalan\xalan\2.7.2\xalan-2.7.2.jar referenced one or more files that do not exist: file:/C:/Users/Admin/.m2/repository/xalan/xalan/2.7.2/xercesImpl.jar,file:/C:/Users/Admin/.m2/repository/xalan/xalan/2.7.2/xml-apis.jar,file:/C:/Users/Admin/.m2/repository/xalan/xalan/2.7.2/serializer.jar
[INFO ] 13-12-2023 11:12:58 [restartedMain] ChangeableUrls - The Class-Path manifest attribute in C:\Users\Admin\.m2\repository\xalan\serializer\2.7.2\serializer-2.7.2.jar referenced one or more files that do not exist: file:/C:/Users/Admin/.m2/repository/xalan/serializer/2.7.2/xml-apis.jar
[INFO ] 13-12-2023 11:12:58 [restartedMain] ChangeableUrls - The Class-Path manifest attribute in C:\Users\Admin\.m2\repository\org\apache\xmlgraphics\batik-rasterizer-ext\1.13\batik-rasterizer-ext-1.13.jar referenced one or more files that do not exist: file:/C:/Users/Admin/.m2/repository/org/apache/xmlgraphics/batik-rasterizer-ext/1.13/batik-shared-resources-1.13.jar,file:/C:/Users/Admin/.m2/repository/org/apache/xmlgraphics/batik-rasterizer-ext/1.13/batik-svgrasterizer-1.13.jar,file:/C:/Users/Admin/.m2/repository/org/apache/xmlgraphics/batik-rasterizer-ext/1.13/batik-parser-1.13.jar,file:/C:/Users/Admin/.m2/repository/org/apache/xmlgraphics/batik-rasterizer-ext/1.13/batik-xml-1.13.jar,file:/C:/Users/Admin/.m2/repository/org/apache/xmlgraphics/batik-rasterizer-ext/1.13/batik-transcoder-1.13.jar,file:/C:/Users/Admin/.m2/repository/org/apache/xmlgraphics/batik-rasterizer-ext/1.13/batik-svggen-1.13.jar,file:/C:/Users/Admin/.m2/repository/org/apache/xmlgraphics/batik-rasterizer-ext/1.13/batik-util-1.13.jar,file:/C:/Users/Admin/.m2/repository/org/apache/xmlgraphics/batik-rasterizer-ext/1.13/batik-constants-1.13.jar,file:/C:/Users/Admin/.m2/repository/org/apache/xmlgraphics/batik-rasterizer-ext/1.13/batik-i18n-1.13.jar,file:/C:/Users/Admin/.m2/repository/org/apache/xmlgraphics/batik-rasterizer-ext/1.13/batik-codec-1.13.jar,file:/C:/Users/Admin/.m2/repository/org/apache/xmlgraphics/batik-rasterizer-ext/1.13/batik-extension-1.13.jar,file:/C:/Users/Admin/.m2/repository/org/apache/xmlgraphics/batik-rasterizer-ext/1.13/batik-anim-1.13.jar,file:/C:/Users/Admin/.m2/repository/org/apache/xmlgraphics/batik-rasterizer-ext/1.13/batik-awt-util-1.13.jar,file:/C:/Users/Admin/.m2/repository/org/apache/xmlgraphics/batik-rasterizer-ext/1.13/xmlgraphics-commons-2.4.jar,file:/C:/Users/Admin/.m2/repository/org/apache/xmlgraphics/batik-rasterizer-ext/1.13/commons-io-1.3.2.jar,file:/C:/Users/Admin/.m2/repository/org/apache/xmlgraphics/batik-rasterizer-ext/1.13/commons-logging-1.2.jar,file:/C:/Users/Admin/.m2/repository/org/apache/xmlgraphics/batik-rasterizer-ext/1.13/batik-bridge-1.13.jar,file:/C:/Users/Admin/.m2/repository/org/apache/xmlgraphics/batik-rasterizer-ext/1.13/batik-script-1.13.jar,file:/C:/Users/Admin/.m2/repository/org/apache/xmlgraphics/batik-rasterizer-ext/1.13/batik-css-1.13.jar,file:/C:/Users/Admin/.m2/repository/org/apache/xmlgraphics/batik-rasterizer-ext/1.13/batik-dom-1.13.jar,file:/C:/Users/Admin/.m2/repository/org/apache/xmlgraphics/batik-rasterizer-ext/1.13/xalan-2.7.2.jar,file:/C:/Users/Admin/.m2/repository/org/apache/xmlgraphics/batik-rasterizer-ext/1.13/serializer-2.7.2.jar,file:/C:/Users/Admin/.m2/repository/org/apache/xmlgraphics/batik-rasterizer-ext/1.13/xml-apis-1.4.01.jar,file:/C:/Users/Admin/.m2/repository/org/apache/xmlgraphics/batik-rasterizer-ext/1.13/batik-ext-1.13.jar,file:/C:/Users/Admin/.m2/repository/org/apache/xmlgraphics/batik-rasterizer-ext/1.13/batik-gvt-1.13.jar,file:/C:/Users/Admin/.m2/repository/org/apache/xmlgraphics/batik-rasterizer-ext/1.13/batik-svg-dom-1.13.jar,file:/C:/Users/Admin/.m2/repository/org/apache/xmlgraphics/batik-rasterizer-ext/1.13/xml-apis-ext-1.3.04.jar
[INFO ] 13-12-2023 11:12:58 [restartedMain] ChangeableUrls - The Class-Path manifest attribute in C:\Users\Admin\.m2\repository\org\apache\xmlgraphics\batik-rasterizer\1.13\batik-rasterizer-1.13.jar referenced one or more files that do not exist: file:/C:/Users/Admin/.m2/repository/org/apache/xmlgraphics/batik-rasterizer/1.13/lib/batik-shared-resources-1.13.jar,file:/C:/Users/Admin/.m2/repository/org/apache/xmlgraphics/batik-rasterizer/1.13/lib/batik-svgrasterizer-1.13.jar,file:/C:/Users/Admin/.m2/repository/org/apache/xmlgraphics/batik-rasterizer/1.13/lib/batik-parser-1.13.jar,file:/C:/Users/Admin/.m2/repository/org/apache/xmlgraphics/batik-rasterizer/1.13/lib/batik-awt-util-1.13.jar,file:/C:/Users/Admin/.m2/repository/org/apache/xmlgraphics/batik-rasterizer/1.13/lib/xmlgraphics-commons-2.4.jar,file:/C:/Users/Admin/.m2/repository/org/apache/xmlgraphics/batik-rasterizer/1.13/lib/commons-io-1.3.2.jar,file:/C:/Users/Admin/.m2/repository/org/apache/xmlgraphics/batik-rasterizer/1.13/lib/commons-logging-1.2.jar,file:/C:/Users/Admin/.m2/repository/org/apache/xmlgraphics/batik-rasterizer/1.13/lib/batik-xml-1.13.jar,file:/C:/Users/Admin/.m2/repository/org/apache/xmlgraphics/batik-rasterizer/1.13/lib/xml-apis-ext-1.3.04.jar,file:/C:/Users/Admin/.m2/repository/org/apache/xmlgraphics/batik-rasterizer/1.13/lib/batik-transcoder-1.13.jar,file:/C:/Users/Admin/.m2/repository/org/apache/xmlgraphics/batik-rasterizer/1.13/lib/batik-anim-1.13.jar,file:/C:/Users/Admin/.m2/repository/org/apache/xmlgraphics/batik-rasterizer/1.13/lib/batik-css-1.13.jar,file:/C:/Users/Admin/.m2/repository/org/apache/xmlgraphics/batik-rasterizer/1.13/lib/batik-ext-1.13.jar,file:/C:/Users/Admin/.m2/repository/org/apache/xmlgraphics/batik-rasterizer/1.13/lib/batik-svg-dom-1.13.jar,file:/C:/Users/Admin/.m2/repository/org/apache/xmlgraphics/batik-rasterizer/1.13/lib/batik-bridge-1.13.jar,file:/C:/Users/Admin/.m2/repository/org/apache/xmlgraphics/batik-rasterizer/1.13/lib/batik-script-1.13.jar,file:/C:/Users/Admin/.m2/repository/org/apache/xmlgraphics/batik-rasterizer/1.13/lib/batik-dom-1.13.jar,file:/C:/Users/Admin/.m2/repository/org/apache/xmlgraphics/batik-rasterizer/1.13/lib/xalan-2.7.2.jar,file:/C:/Users/Admin/.m2/repository/org/apache/xmlgraphics/batik-rasterizer/1.13/lib/serializer-2.7.2.jar,file:/C:/Users/Admin/.m2/repository/org/apache/xmlgraphics/batik-rasterizer/1.13/lib/xml-apis-1.4.01.jar,file:/C:/Users/Admin/.m2/repository/org/apache/xmlgraphics/batik-rasterizer/1.13/lib/batik-gvt-1.13.jar,file:/C:/Users/Admin/.m2/repository/org/apache/xmlgraphics/batik-rasterizer/1.13/lib/batik-svggen-1.13.jar,file:/C:/Users/Admin/.m2/repository/org/apache/xmlgraphics/batik-rasterizer/1.13/lib/batik-util-1.13.jar,file:/C:/Users/Admin/.m2/repository/org/apache/xmlgraphics/batik-rasterizer/1.13/lib/batik-constants-1.13.jar,file:/C:/Users/Admin/.m2/repository/org/apache/xmlgraphics/batik-rasterizer/1.13/lib/batik-i18n-1.13.jar,file:/C:/Users/Admin/.m2/repository/org/apache/xmlgraphics/batik-rasterizer/1.13/lib/batik-codec-1.13.jar,file:/C:/Users/Admin/.m2/repository/org/apache/xmlgraphics/batik-rasterizer/1.13/lib/fop-transcoder-allinone-2.5.jar
[INFO ] 13-12-2023 11:12:58 [restartedMain] ChangeableUrls - The Class-Path manifest attribute in C:\Users\Admin\.m2\repository\org\apache\xmlgraphics\batik-slideshow\1.13\batik-slideshow-1.13.jar referenced one or more files that do not exist: file:/C:/Users/Admin/.m2/repository/org/apache/xmlgraphics/batik-slideshow/1.13/lib/batik-bridge-1.13.jar,file:/C:/Users/Admin/.m2/repository/org/apache/xmlgraphics/batik-slideshow/1.13/lib/batik-anim-1.13.jar,file:/C:/Users/Admin/.m2/repository/org/apache/xmlgraphics/batik-slideshow/1.13/lib/batik-ext-1.13.jar,file:/C:/Users/Admin/.m2/repository/org/apache/xmlgraphics/batik-slideshow/1.13/lib/batik-awt-util-1.13.jar,file:/C:/Users/Admin/.m2/repository/org/apache/xmlgraphics/batik-slideshow/1.13/lib/batik-css-1.13.jar,file:/C:/Users/Admin/.m2/repository/org/apache/xmlgraphics/batik-slideshow/1.13/lib/batik-dom-1.13.jar,file:/C:/Users/Admin/.m2/repository/org/apache/xmlgraphics/batik-slideshow/1.13/lib/xalan-2.7.2.jar,file:/C:/Users/Admin/.m2/repository/org/apache/xmlgraphics/batik-slideshow/1.13/lib/serializer-2.7.2.jar,file:/C:/Users/Admin/.m2/repository/org/apache/xmlgraphics/batik-slideshow/1.13/lib/xml-apis-1.4.01.jar,file:/C:/Users/Admin/.m2/repository/org/apache/xmlgraphics/batik-slideshow/1.13/lib/batik-parser-1.13.jar,file:/C:/Users/Admin/.m2/repository/org/apache/xmlgraphics/batik-slideshow/1.13/lib/batik-script-1.13.jar,file:/C:/Users/Admin/.m2/repository/org/apache/xmlgraphics/batik-slideshow/1.13/lib/batik-svg-dom-1.13.jar,file:/C:/Users/Admin/.m2/repository/org/apache/xmlgraphics/batik-slideshow/1.13/lib/batik-util-1.13.jar,file:/C:/Users/Admin/.m2/repository/org/apache/xmlgraphics/batik-slideshow/1.13/lib/batik-constants-1.13.jar,file:/C:/Users/Admin/.m2/repository/org/apache/xmlgraphics/batik-slideshow/1.13/lib/batik-i18n-1.13.jar,file:/C:/Users/Admin/.m2/repository/org/apache/xmlgraphics/batik-slideshow/1.13/lib/batik-xml-1.13.jar,file:/C:/Users/Admin/.m2/repository/org/apache/xmlgraphics/batik-slideshow/1.13/lib/xmlgraphics-commons-2.4.jar,file:/C:/Users/Admin/.m2/repository/org/apache/xmlgraphics/batik-slideshow/1.13/lib/commons-io-1.3.2.jar,file:/C:/Users/Admin/.m2/repository/org/apache/xmlgraphics/batik-slideshow/1.13/lib/commons-logging-1.2.jar,file:/C:/Users/Admin/.m2/repository/org/apache/xmlgraphics/batik-slideshow/1.13/lib/batik-gvt-1.13.jar,file:/C:/Users/Admin/.m2/repository/org/apache/xmlgraphics/batik-slideshow/1.13/lib/batik-shared-resources-1.13.jar,file:/C:/Users/Admin/.m2/repository/org/apache/xmlgraphics/batik-slideshow/1.13/lib/xml-apis-ext-1.3.04.jar
[INFO ] 13-12-2023 11:12:58 [restartedMain] ChangeableUrls - The Class-Path manifest attribute in C:\Users\Admin\.m2\repository\org\apache\xmlgraphics\batik-squiggle-ext\1.13\batik-squiggle-ext-1.13.jar referenced one or more files that do not exist: file:/C:/Users/Admin/.m2/repository/org/apache/xmlgraphics/batik-squiggle-ext/1.13/batik-shared-resources-1.13.jar,file:/C:/Users/Admin/.m2/repository/org/apache/xmlgraphics/batik-squiggle-ext/1.13/batik-svgbrowser-1.13.jar,file:/C:/Users/Admin/.m2/repository/org/apache/xmlgraphics/batik-squiggle-ext/1.13/batik-anim-1.13.jar,file:/C:/Users/Admin/.m2/repository/org/apache/xmlgraphics/batik-squiggle-ext/1.13/batik-bridge-1.13.jar,file:/C:/Users/Admin/.m2/repository/org/apache/xmlgraphics/batik-squiggle-ext/1.13/batik-script-1.13.jar,file:/C:/Users/Admin/.m2/repository/org/apache/xmlgraphics/batik-squiggle-ext/1.13/xmlgraphics-commons-2.4.jar,file:/C:/Users/Admin/.m2/repository/org/apache/xmlgraphics/batik-squiggle-ext/1.13/commons-io-1.3.2.jar,file:/C:/Users/Admin/.m2/repository/org/apache/xmlgraphics/batik-squiggle-ext/1.13/commons-logging-1.2.jar,file:/C:/Users/Admin/.m2/repository/org/apache/xmlgraphics/batik-squiggle-ext/1.13/batik-dom-1.13.jar,file:/C:/Users/Admin/.m2/repository/org/apache/xmlgraphics/batik-squiggle-ext/1.13/xalan-2.7.2.jar,file:/C:/Users/Admin/.m2/repository/org/apache/xmlgraphics/batik-squiggle-ext/1.13/serializer-2.7.2.jar,file:/C:/Users/Admin/.m2/repository/org/apache/xmlgraphics/batik-squiggle-ext/1.13/xml-apis-1.4.01.jar,file:/C:/Users/Admin/.m2/repository/org/apache/xmlgraphics/batik-squiggle-ext/1.13/batik-gvt-1.13.jar,file:/C:/Users/Admin/.m2/repository/org/apache/xmlgraphics/batik-squiggle-ext/1.13/batik-swing-1.13.jar,file:/C:/Users/Admin/.m2/repository/org/apache/xmlgraphics/batik-squiggle-ext/1.13/batik-gui-util-1.13.jar,file:/C:/Users/Admin/.m2/repository/org/apache/xmlgraphics/batik-squiggle-ext/1.13/batik-transcoder-1.13.jar,file:/C:/Users/Admin/.m2/repository/org/apache/xmlgraphics/batik-squiggle-ext/1.13/batik-svggen-1.13.jar,file:/C:/Users/Admin/.m2/repository/org/apache/xmlgraphics/batik-squiggle-ext/1.13/batik-util-1.13.jar,file:/C:/Users/Admin/.m2/repository/org/apache/xmlgraphics/batik-squiggle-ext/1.13/batik-constants-1.13.jar,file:/C:/Users/Admin/.m2/repository/org/apache/xmlgraphics/batik-squiggle-ext/1.13/batik-i18n-1.13.jar,file:/C:/Users/Admin/.m2/repository/org/apache/xmlgraphics/batik-squiggle-ext/1.13/batik-xml-1.13.jar,file:/C:/Users/Admin/.m2/repository/org/apache/xmlgraphics/batik-squiggle-ext/1.13/xml-apis-ext-1.3.04.jar,file:/C:/Users/Admin/.m2/repository/org/apache/xmlgraphics/batik-squiggle-ext/1.13/batik-extension-1.13.jar,file:/C:/Users/Admin/.m2/repository/org/apache/xmlgraphics/batik-squiggle-ext/1.13/batik-awt-util-1.13.jar,file:/C:/Users/Admin/.m2/repository/org/apache/xmlgraphics/batik-squiggle-ext/1.13/batik-css-1.13.jar,file:/C:/Users/Admin/.m2/repository/org/apache/xmlgraphics/batik-squiggle-ext/1.13/batik-ext-1.13.jar,file:/C:/Users/Admin/.m2/repository/org/apache/xmlgraphics/batik-squiggle-ext/1.13/batik-parser-1.13.jar,file:/C:/Users/Admin/.m2/repository/org/apache/xmlgraphics/batik-squiggle-ext/1.13/batik-svg-dom-1.13.jar
[INFO ] 13-12-2023 11:12:58 [restartedMain] ChangeableUrls - The Class-Path manifest attribute in C:\Users\Admin\.m2\repository\org\apache\xmlgraphics\batik-squiggle\1.13\batik-squiggle-1.13.jar referenced one or more files that do not exist: file:/C:/Users/Admin/.m2/repository/org/apache/xmlgraphics/batik-squiggle/1.13/lib/batik-shared-resources-1.13.jar,file:/C:/Users/Admin/.m2/repository/org/apache/xmlgraphics/batik-squiggle/1.13/lib/batik-svgbrowser-1.13.jar,file:/C:/Users/Admin/.m2/repository/org/apache/xmlgraphics/batik-squiggle/1.13/lib/batik-anim-1.13.jar,file:/C:/Users/Admin/.m2/repository/org/apache/xmlgraphics/batik-squiggle/1.13/lib/batik-awt-util-1.13.jar,file:/C:/Users/Admin/.m2/repository/org/apache/xmlgraphics/batik-squiggle/1.13/lib/batik-css-1.13.jar,file:/C:/Users/Admin/.m2/repository/org/apache/xmlgraphics/batik-squiggle/1.13/lib/batik-ext-1.13.jar,file:/C:/Users/Admin/.m2/repository/org/apache/xmlgraphics/batik-squiggle/1.13/lib/batik-parser-1.13.jar,file:/C:/Users/Admin/.m2/repository/org/apache/xmlgraphics/batik-squiggle/1.13/lib/batik-svg-dom-1.13.jar,file:/C:/Users/Admin/.m2/repository/org/apache/xmlgraphics/batik-squiggle/1.13/lib/batik-bridge-1.13.jar,file:/C:/Users/Admin/.m2/repository/org/apache/xmlgraphics/batik-squiggle/1.13/lib/batik-script-1.13.jar,file:/C:/Users/Admin/.m2/repository/org/apache/xmlgraphics/batik-squiggle/1.13/lib/xmlgraphics-commons-2.4.jar,file:/C:/Users/Admin/.m2/repository/org/apache/xmlgraphics/batik-squiggle/1.13/lib/commons-io-1.3.2.jar,file:/C:/Users/Admin/.m2/repository/org/apache/xmlgraphics/batik-squiggle/1.13/lib/commons-logging-1.2.jar,file:/C:/Users/Admin/.m2/repository/org/apache/xmlgraphics/batik-squiggle/1.13/lib/batik-dom-1.13.jar,file:/C:/Users/Admin/.m2/repository/org/apache/xmlgraphics/batik-squiggle/1.13/lib/xalan-2.7.2.jar,file:/C:/Users/Admin/.m2/repository/org/apache/xmlgraphics/batik-squiggle/1.13/lib/serializer-2.7.2.jar,file:/C:/Users/Admin/.m2/repository/org/apache/xmlgraphics/batik-squiggle/1.13/lib/xml-apis-1.4.01.jar,file:/C:/Users/Admin/.m2/repository/org/apache/xmlgraphics/batik-squiggle/1.13/lib/batik-gvt-1.13.jar,file:/C:/Users/Admin/.m2/repository/org/apache/xmlgraphics/batik-squiggle/1.13/lib/batik-swing-1.13.jar,file:/C:/Users/Admin/.m2/repository/org/apache/xmlgraphics/batik-squiggle/1.13/lib/batik-gui-util-1.13.jar,file:/C:/Users/Admin/.m2/repository/org/apache/xmlgraphics/batik-squiggle/1.13/lib/batik-transcoder-1.13.jar,file:/C:/Users/Admin/.m2/repository/org/apache/xmlgraphics/batik-squiggle/1.13/lib/batik-svggen-1.13.jar,file:/C:/Users/Admin/.m2/repository/org/apache/xmlgraphics/batik-squiggle/1.13/lib/batik-util-1.13.jar,file:/C:/Users/Admin/.m2/repository/org/apache/xmlgraphics/batik-squiggle/1.13/lib/batik-constants-1.13.jar,file:/C:/Users/Admin/.m2/repository/org/apache/xmlgraphics/batik-squiggle/1.13/lib/batik-i18n-1.13.jar,file:/C:/Users/Admin/.m2/repository/org/apache/xmlgraphics/batik-squiggle/1.13/lib/batik-xml-1.13.jar,file:/C:/Users/Admin/.m2/repository/org/apache/xmlgraphics/batik-squiggle/1.13/lib/xml-apis-ext-1.3.04.jar
[INFO ] 13-12-2023 11:12:58 [restartedMain] ChangeableUrls - The Class-Path manifest attribute in C:\Users\Admin\.m2\repository\org\apache\xmlgraphics\batik-svgpp\1.13\batik-svgpp-1.13.jar referenced one or more files that do not exist: file:/C:/Users/Admin/.m2/repository/org/apache/xmlgraphics/batik-svgpp/1.13/lib/batik-shared-resources-1.13.jar,file:/C:/Users/Admin/.m2/repository/org/apache/xmlgraphics/batik-svgpp/1.13/lib/batik-transcoder-1.13.jar,file:/C:/Users/Admin/.m2/repository/org/apache/xmlgraphics/batik-svgpp/1.13/lib/batik-anim-1.13.jar,file:/C:/Users/Admin/.m2/repository/org/apache/xmlgraphics/batik-svgpp/1.13/lib/batik-css-1.13.jar,file:/C:/Users/Admin/.m2/repository/org/apache/xmlgraphics/batik-svgpp/1.13/lib/batik-ext-1.13.jar,file:/C:/Users/Admin/.m2/repository/org/apache/xmlgraphics/batik-svgpp/1.13/lib/batik-parser-1.13.jar,file:/C:/Users/Admin/.m2/repository/org/apache/xmlgraphics/batik-svgpp/1.13/lib/batik-svg-dom-1.13.jar,file:/C:/Users/Admin/.m2/repository/org/apache/xmlgraphics/batik-svgpp/1.13/lib/batik-awt-util-1.13.jar,file:/C:/Users/Admin/.m2/repository/org/apache/xmlgraphics/batik-svgpp/1.13/lib/xmlgraphics-commons-2.4.jar,file:/C:/Users/Admin/.m2/repository/org/apache/xmlgraphics/batik-svgpp/1.13/lib/commons-io-1.3.2.jar,file:/C:/Users/Admin/.m2/repository/org/apache/xmlgraphics/batik-svgpp/1.13/lib/commons-logging-1.2.jar,file:/C:/Users/Admin/.m2/repository/org/apache/xmlgraphics/batik-svgpp/1.13/lib/batik-bridge-1.13.jar,file:/C:/Users/Admin/.m2/repository/org/apache/xmlgraphics/batik-svgpp/1.13/lib/batik-script-1.13.jar,file:/C:/Users/Admin/.m2/repository/org/apache/xmlgraphics/batik-svgpp/1.13/lib/batik-dom-1.13.jar,file:/C:/Users/Admin/.m2/repository/org/apache/xmlgraphics/batik-svgpp/1.13/lib/xalan-2.7.2.jar,file:/C:/Users/Admin/.m2/repository/org/apache/xmlgraphics/batik-svgpp/1.13/lib/serializer-2.7.2.jar,file:/C:/Users/Admin/.m2/repository/org/apache/xmlgraphics/batik-svgpp/1.13/lib/xml-apis-1.4.01.jar,file:/C:/Users/Admin/.m2/repository/org/apache/xmlgraphics/batik-svgpp/1.13/lib/batik-gvt-1.13.jar,file:/C:/Users/Admin/.m2/repository/org/apache/xmlgraphics/batik-svgpp/1.13/lib/batik-svggen-1.13.jar,file:/C:/Users/Admin/.m2/repository/org/apache/xmlgraphics/batik-svgpp/1.13/lib/batik-xml-1.13.jar,file:/C:/Users/Admin/.m2/repository/org/apache/xmlgraphics/batik-svgpp/1.13/lib/xml-apis-ext-1.3.04.jar,file:/C:/Users/Admin/.m2/repository/org/apache/xmlgraphics/batik-svgpp/1.13/lib/batik-util-1.13.jar,file:/C:/Users/Admin/.m2/repository/org/apache/xmlgraphics/batik-svgpp/1.13/lib/batik-constants-1.13.jar,file:/C:/Users/Admin/.m2/repository/org/apache/xmlgraphics/batik-svgpp/1.13/lib/batik-i18n-1.13.jar
[INFO ] 13-12-2023 11:12:58 [restartedMain] ChangeableUrls - The Class-Path manifest attribute in C:\Users\Admin\.m2\repository\org\apache\xmlgraphics\batik-ttf2svg\1.13\batik-ttf2svg-1.13.jar referenced one or more files that do not exist: file:/C:/Users/Admin/.m2/repository/org/apache/xmlgraphics/batik-ttf2svg/1.13/lib/batik-shared-resources-1.13.jar,file:/C:/Users/Admin/.m2/repository/org/apache/xmlgraphics/batik-ttf2svg/1.13/lib/batik-svggen-1.13.jar,file:/C:/Users/Admin/.m2/repository/org/apache/xmlgraphics/batik-ttf2svg/1.13/lib/batik-awt-util-1.13.jar,file:/C:/Users/Admin/.m2/repository/org/apache/xmlgraphics/batik-ttf2svg/1.13/lib/xmlgraphics-commons-2.4.jar,file:/C:/Users/Admin/.m2/repository/org/apache/xmlgraphics/batik-ttf2svg/1.13/lib/commons-io-1.3.2.jar,file:/C:/Users/Admin/.m2/repository/org/apache/xmlgraphics/batik-ttf2svg/1.13/lib/commons-logging-1.2.jar,file:/C:/Users/Admin/.m2/repository/org/apache/xmlgraphics/batik-ttf2svg/1.13/lib/batik-util-1.13.jar,file:/C:/Users/Admin/.m2/repository/org/apache/xmlgraphics/batik-ttf2svg/1.13/lib/batik-constants-1.13.jar,file:/C:/Users/Admin/.m2/repository/org/apache/xmlgraphics/batik-ttf2svg/1.13/lib/batik-i18n-1.13.jar
[INFO ] 13-12-2023 11:12:58 [restartedMain] ChangeableUrls - The Class-Path manifest attribute in C:\Users\Admin\.m2\repository\io\grpc\grpc-netty-shaded\1.21.0\grpc-netty-shaded-1.21.0.jar referenced one or more files that do not exist: file:/C:/Users/Admin/.m2/repository/io/grpc/grpc-netty-shaded/1.21.0/grpc-core-1.21.0.jar,file:/C:/Users/Admin/.m2/repository/io/grpc/grpc-netty-shaded/1.21.0/opencensus-contrib-grpc-metrics-0.21.0.jar,file:/C:/Users/Admin/.m2/repository/io/grpc/grpc-netty-shaded/1.21.0/opencensus-api-0.21.0.jar,file:/C:/Users/Admin/.m2/repository/io/grpc/grpc-netty-shaded/1.21.0/grpc-api-1.21.0.jar,file:/C:/Users/Admin/.m2/repository/io/grpc/grpc-netty-shaded/1.21.0/gson-2.7.jar,file:/C:/Users/Admin/.m2/repository/io/grpc/grpc-netty-shaded/1.21.0/annotations-4.1.1.4.jar,file:/C:/Users/Admin/.m2/repository/io/grpc/grpc-netty-shaded/1.21.0/grpc-context-1.21.0.jar,file:/C:/Users/Admin/.m2/repository/io/grpc/grpc-netty-shaded/1.21.0/error_prone_annotations-2.3.2.jar,file:/C:/Users/Admin/.m2/repository/io/grpc/grpc-netty-shaded/1.21.0/jsr305-3.0.2.jar,file:/C:/Users/Admin/.m2/repository/io/grpc/grpc-netty-shaded/1.21.0/animal-sniffer-annotations-1.17.jar,file:/C:/Users/Admin/.m2/repository/io/grpc/grpc-netty-shaded/1.21.0/guava-26.0-android.jar,file:/C:/Users/Admin/.m2/repository/io/grpc/grpc-netty-shaded/1.21.0/checker-compat-qual-2.5.2.jar,file:/C:/Users/Admin/.m2/repository/io/grpc/grpc-netty-shaded/1.21.0/j2objc-annotations-1.1.jar
[INFO ] 13-12-2023 11:12:58 [restartedMain] DevToolsPropertyDefaultsPostProcessor - Devtools property defaults active! Set 'spring.devtools.add-properties' to 'false' to disable
[INFO ] 13-12-2023 11:12:58 [restartedMain] DevToolsPropertyDefaultsPostProcessor - For additional web related logging consider setting the 'logging.level.web' property to 'DEBUG'
[INFO ] 13-12-2023 11:12:59 [restartedMain] RepositoryConfigurationDelegate - Bootstrapping Spring Data JPA repositories in DEFAULT mode.
[INFO ] 13-12-2023 11:12:59 [restartedMain] RepositoryConfigurationDelegate - Finished Spring Data repository scanning in 93 ms. Found 31 JPA repository interfaces.
[INFO ] 13-12-2023 11:13:00 [restartedMain] TomcatWebServer - Tomcat initialized with port(s): 8080 (http)
[INFO ] 13-12-2023 11:13:00 [restartedMain] Http11NioProtocol - Initializing ProtocolHandler ["http-nio-8080"]
[INFO ] 13-12-2023 11:13:00 [restartedMain] StandardService - Starting service [Tomcat]
[INFO ] 13-12-2023 11:13:00 [restartedMain] StandardEngine - Starting Servlet engine: [Apache Tomcat/10.1.12]
[INFO ] 13-12-2023 11:13:00 [restartedMain] [/] - Initializing Spring embedded WebApplicationContext
[INFO ] 13-12-2023 11:13:00 [restartedMain] ServletWebServerApplicationContext - Root WebApplicationContext: initialization completed in 1479 ms
[INFO ] 13-12-2023 11:13:00 [restartedMain] HikariDataSource - HikariPool-1 - Starting...
[INFO ] 13-12-2023 11:13:00 [restartedMain] HikariPool - HikariPool-1 - Added connection com.mysql.cj.jdbc.ConnectionImpl@2600a2e6
[INFO ] 13-12-2023 11:13:00 [restartedMain] HikariDataSource - HikariPool-1 - Start completed.
[INFO ] 13-12-2023 11:13:00 [restartedMain] LogHelper - HHH000204: Processing PersistenceUnitInfo [name: default]
[INFO ] 13-12-2023 11:13:00 [restartedMain] Version - HHH000412: Hibernate ORM core version 6.2.7.Final
[INFO ] 13-12-2023 11:13:00 [restartedMain] Environment - HHH000406: Using bytecode reflection optimizer
[INFO ] 13-12-2023 11:13:01 [restartedMain] BytecodeProviderInitiator - HHH000021: Bytecode provider name : bytebuddy
[INFO ] 13-12-2023 11:13:01 [restartedMain] SpringPersistenceUnitInfo - No LoadTimeWeaver setup: ignoring JPA class transformer
[INFO ] 13-12-2023 11:13:01 [restartedMain] BytecodeProviderInitiator - HHH000021: Bytecode provider name : bytebuddy
[INFO ] 13-12-2023 11:13:02 [restartedMain] JtaPlatformInitiator - HHH000490: Using JtaPlatform implementation: [org.hibernate.engine.transaction.jta.platform.internal.NoJtaPlatform]
[INFO ] 13-12-2023 11:13:02 [restartedMain] LocalContainerEntityManagerFactoryBean - Initialized JPA EntityManagerFactory for persistence unit 'default'
[INFO ] 13-12-2023 11:13:02 [restartedMain] QueryEnhancerFactory - Hibernate is in classpath; If applicable, HQL parser will be used.
[INFO ] 13-12-2023 11:13:03 [restartedMain] Webcam - WebcamDefaultDriver capture driver will be used
[INFO ] 13-12-2023 11:13:05 [restartedMain] FCMInitializer - Firebase application has been initialized
[WARN ] 13-12-2023 11:13:05 [restartedMain] JpaBaseConfiguration$JpaWebConfiguration - spring.jpa.open-in-view is enabled by default. Therefore, database queries may be performed during view rendering. Explicitly configure spring.jpa.open-in-view to disable this warning
[INFO ] 13-12-2023 11:13:05 [restartedMain] EndpointLinksResolver - Exposing 1 endpoint(s) beneath base path '/actuator'
[INFO ] 13-12-2023 11:13:05 [restartedMain] DefaultSecurityFilterChain - Will secure any request with [org.springframework.security.web.session.DisableEncodeUrlFilter@286590a, org.springframework.security.web.context.request.async.WebAsyncManagerIntegrationFilter@fcbae02, org.springframework.security.web.context.SecurityContextHolderFilter@5bde47ac, org.springframework.security.web.header.HeaderWriterFilter@79500737, org.springframework.security.web.authentication.logout.LogoutFilter@61e66207, org.springframework.security.oauth2.client.web.OAuth2AuthorizationRequestRedirectFilter@57bb4f6f, org.springframework.security.oauth2.client.web.OAuth2LoginAuthenticationFilter@1a1ac2eb, org.springframework.security.web.authentication.UsernamePasswordAuthenticationFilter@2cadeb0c, org.springframework.security.web.savedrequest.RequestCacheAwareFilter@1a5f57b2, org.springframework.security.web.servletapi.SecurityContextHolderAwareRequestFilter@2d6ddaab, org.springframework.security.web.authentication.AnonymousAuthenticationFilter@438a288a, org.springframework.security.web.access.ExceptionTranslationFilter@4838e0f8, org.springframework.security.web.access.intercept.FilterSecurityInterceptor@3de1af3]
[INFO ] 13-12-2023 11:13:05 [restartedMain] OptionalLiveReloadServer - LiveReload server is running on port 35729
[INFO ] 13-12-2023 11:13:05 [restartedMain] Http11NioProtocol - Starting ProtocolHandler ["http-nio-8080"]
[INFO ] 13-12-2023 11:13:05 [restartedMain] TomcatWebServer - Tomcat started on port(s): 8080 (http) with context path ''
[INFO ] 13-12-2023 11:13:06 [restartedMain] GreenfarmApplication - Started GreenfarmApplication in 7.365 seconds (process running for 8.176)
[INFO ] 13-12-2023 11:13:08 [RMI TCP Connection(3)-127.0.0.1] [/] - Initializing Spring DispatcherServlet 'dispatcherServlet'
[INFO ] 13-12-2023 11:13:08 [RMI TCP Connection(3)-127.0.0.1] DispatcherServlet - Initializing Servlet 'dispatcherServlet'
[INFO ] 13-12-2023 11:13:08 [RMI TCP Connection(3)-127.0.0.1] DispatcherServlet - Completed initialization in 2 ms
[WARN ] 13-12-2023 11:13:25 [http-nio-8080-exec-5] DefaultHandlerExceptionResolver - Resolved [org.springframework.web.method.annotation.MethodArgumentTypeMismatchException: Failed to convert value of type 'java.lang.String' to required type 'java.lang.Integer'; For input string: "{{recm.user.image}}"]
[WARN ] 13-12-2023 11:13:25 [http-nio-8080-exec-8] DefaultHandlerExceptionResolver - Resolved [org.springframework.web.method.annotation.MethodArgumentTypeMismatchException: Failed to convert value of type 'java.lang.String' to required type 'java.lang.Integer'; For input string: "{{p.user.image}}"]
[INFO ] 13-12-2023 11:14:42 [File Watcher] LocalDevToolsAutoConfiguration$RestartingClassPathChangeChangedEventListener - Restarting due to 4 class path changes (0 additions, 2 deletions, 2 modifications)
[INFO ] 13-12-2023 11:14:42 [Thread-6] Http11NioProtocol - Pausing ProtocolHandler ["http-nio-8080"]
[INFO ] 13-12-2023 11:14:42 [Thread-6] StandardService - Stopping service [Tomcat]
[INFO ] 13-12-2023 11:14:42 [Thread-6] [/] - Destroying Spring FrameworkServlet 'dispatcherServlet'
[INFO ] 13-12-2023 11:14:42 [Thread-6] Http11NioProtocol - Stopping ProtocolHandler ["http-nio-8080"]
[INFO ] 13-12-2023 11:14:42 [Thread-6] Http11NioProtocol - Destroying ProtocolHandler ["http-nio-8080"]
[INFO ] 13-12-2023 11:14:42 [Thread-6] LocalContainerEntityManagerFactoryBean - Closing JPA EntityManagerFactory for persistence unit 'default'
[INFO ] 13-12-2023 11:14:42 [Thread-6] HikariDataSource - HikariPool-1 - Shutdown initiated...
[INFO ] 13-12-2023 11:14:42 [Thread-6] HikariDataSource - HikariPool-1 - Shutdown completed.
[INFO ] 13-12-2023 11:14:42 [restartedMain] GreenfarmApplication - Starting GreenfarmApplication using Java 17.0.7 with PID 15908 (D:\Ki 6\Java6ThayLiem\DATN\target\classes started by Admin in D:\Ki 6\Java6ThayLiem\DATN)
[DEBUG] 13-12-2023 11:14:42 [restartedMain] GreenfarmApplication - Running with Spring Boot v3.1.3, Spring v6.0.11
[INFO ] 13-12-2023 11:14:42 [restartedMain] GreenfarmApplication - No active profile set, falling back to 1 default profile: "default"
[INFO ] 13-12-2023 11:14:43 [restartedMain] RepositoryConfigurationDelegate - Bootstrapping Spring Data JPA repositories in DEFAULT mode.
[INFO ] 13-12-2023 11:14:43 [restartedMain] RepositoryConfigurationDelegate - Finished Spring Data repository scanning in 69 ms. Found 31 JPA repository interfaces.
[INFO ] 13-12-2023 11:14:43 [restartedMain] TomcatWebServer - Tomcat initialized with port(s): 8080 (http)
[INFO ] 13-12-2023 11:14:43 [restartedMain] Http11NioProtocol - Initializing ProtocolHandler ["http-nio-8080"]
[INFO ] 13-12-2023 11:14:43 [restartedMain] StandardService - Starting service [Tomcat]
[INFO ] 13-12-2023 11:14:43 [restartedMain] StandardEngine - Starting Servlet engine: [Apache Tomcat/10.1.12]
[INFO ] 13-12-2023 11:14:43 [restartedMain] [/] - Initializing Spring embedded WebApplicationContext
[INFO ] 13-12-2023 11:14:43 [restartedMain] ServletWebServerApplicationContext - Root WebApplicationContext: initialization completed in 789 ms
[INFO ] 13-12-2023 11:14:43 [restartedMain] HikariDataSource - HikariPool-2 - Starting...
[INFO ] 13-12-2023 11:14:43 [restartedMain] HikariPool - HikariPool-2 - Added connection com.mysql.cj.jdbc.ConnectionImpl@6a14f06
[INFO ] 13-12-2023 11:14:43 [restartedMain] HikariDataSource - HikariPool-2 - Start completed.
[INFO ] 13-12-2023 11:14:43 [restartedMain] LogHelper - HHH000204: Processing PersistenceUnitInfo [name: default]
[INFO ] 13-12-2023 11:14:43 [restartedMain] BytecodeProviderInitiator - HHH000021: Bytecode provider name : bytebuddy
[INFO ] 13-12-2023 11:14:43 [restartedMain] SpringPersistenceUnitInfo - No LoadTimeWeaver setup: ignoring JPA class transformer
[INFO ] 13-12-2023 11:14:43 [restartedMain] BytecodeProviderInitiator - HHH000021: Bytecode provider name : bytebuddy
[INFO ] 13-12-2023 11:14:44 [restartedMain] JtaPlatformInitiator - HHH000490: Using JtaPlatform implementation: [org.hibernate.engine.transaction.jta.platform.internal.NoJtaPlatform]
[INFO ] 13-12-2023 11:14:44 [restartedMain] LocalContainerEntityManagerFactoryBean - Initialized JPA EntityManagerFactory for persistence unit 'default'
[WARN ] 13-12-2023 11:14:44 [restartedMain] AnnotationConfigServletWebServerApplicationContext - Exception encountered during context initialization - cancelling refresh attempt: org.springframework.beans.factory.UnsatisfiedDependencyException: Error creating bean with name 'imageRestController': Unsatisfied dependency expressed through field 'bookingService': Error creating bean with name 'bookingServiceImpl' defined in file [D:\Ki 6\Java6ThayLiem\DATN\target\classes\com\greenfarm\service\impl\BookingServiceImpl.class]: Failed to instantiate [com.greenfarm.service.impl.BookingServiceImpl]: Constructor threw exception
[INFO ] 13-12-2023 11:14:44 [restartedMain] LocalContainerEntityManagerFactoryBean - Closing JPA EntityManagerFactory for persistence unit 'default'
[INFO ] 13-12-2023 11:14:44 [restartedMain] HikariDataSource - HikariPool-2 - Shutdown initiated...
[INFO ] 13-12-2023 11:14:44 [restartedMain] HikariDataSource - HikariPool-2 - Shutdown completed.
[INFO ] 13-12-2023 11:14:44 [restartedMain] StandardService - Stopping service [Tomcat]
[INFO ] 13-12-2023 11:14:44 [restartedMain] ConditionEvaluationReportLogger - 

Error starting ApplicationContext. To display the condition evaluation report re-run your application with 'debug' enabled.
[ERROR] 13-12-2023 11:14:44 [restartedMain] SpringApplication - Application run failed
org.springframework.beans.factory.UnsatisfiedDependencyException: Error creating bean with name 'imageRestController': Unsatisfied dependency expressed through field 'bookingService': Error creating bean with name 'bookingServiceImpl' defined in file [D:\Ki 6\Java6ThayLiem\DATN\target\classes\com\greenfarm\service\impl\BookingServiceImpl.class]: Failed to instantiate [com.greenfarm.service.impl.BookingServiceImpl]: Constructor threw exception
	at org.springframework.beans.factory.annotation.AutowiredAnnotationBeanPostProcessor$AutowiredFieldElement.resolveFieldValue(AutowiredAnnotationBeanPostProcessor.java:716) ~[spring-beans-6.0.11.jar:6.0.11]
	at org.springframework.beans.factory.annotation.AutowiredAnnotationBeanPostProcessor$AutowiredFieldElement.inject(AutowiredAnnotationBeanPostProcessor.java:696) ~[spring-beans-6.0.11.jar:6.0.11]
	at org.springframework.beans.factory.annotation.InjectionMetadata.inject(InjectionMetadata.java:145) ~[spring-beans-6.0.11.jar:6.0.11]
	at org.springframework.beans.factory.annotation.AutowiredAnnotationBeanPostProcessor.postProcessProperties(AutowiredAnnotationBeanPostProcessor.java:483) ~[spring-beans-6.0.11.jar:6.0.11]
	at org.springframework.beans.factory.support.AbstractAutowireCapableBeanFactory.populateBean(AbstractAutowireCapableBeanFactory.java:1416) ~[spring-beans-6.0.11.jar:6.0.11]
	at org.springframework.beans.factory.support.AbstractAutowireCapableBeanFactory.doCreateBean(AbstractAutowireCapableBeanFactory.java:597) ~[spring-beans-6.0.11.jar:6.0.11]
	at org.springframework.beans.factory.support.AbstractAutowireCapableBeanFactory.createBean(AbstractAutowireCapableBeanFactory.java:520) ~[spring-beans-6.0.11.jar:6.0.11]
	at org.springframework.beans.factory.support.AbstractBeanFactory.lambda$doGetBean$0(AbstractBeanFactory.java:326) ~[spring-beans-6.0.11.jar:6.0.11]
	at org.springframework.beans.factory.support.DefaultSingletonBeanRegistry.getSingleton(DefaultSingletonBeanRegistry.java:234) ~[spring-beans-6.0.11.jar:6.0.11]
	at org.springframework.beans.factory.support.AbstractBeanFactory.doGetBean(AbstractBeanFactory.java:324) ~[spring-beans-6.0.11.jar:6.0.11]
	at org.springframework.beans.factory.support.AbstractBeanFactory.getBean(AbstractBeanFactory.java:200) ~[spring-beans-6.0.11.jar:6.0.11]
	at org.springframework.beans.factory.support.DefaultListableBeanFactory.preInstantiateSingletons(DefaultListableBeanFactory.java:973) ~[spring-beans-6.0.11.jar:6.0.11]
	at org.springframework.context.support.AbstractApplicationContext.finishBeanFactoryInitialization(AbstractApplicationContext.java:942) ~[spring-context-6.0.11.jar:6.0.11]
	at org.springframework.context.support.AbstractApplicationContext.refresh(AbstractApplicationContext.java:608) ~[spring-context-6.0.11.jar:6.0.11]
	at org.springframework.boot.web.servlet.context.ServletWebServerApplicationContext.refresh(ServletWebServerApplicationContext.java:146) ~[spring-boot-3.1.3.jar:3.1.3]
	at org.springframework.boot.SpringApplication.refresh(SpringApplication.java:734) [spring-boot-3.1.3.jar:3.1.3]
	at org.springframework.boot.SpringApplication.refreshContext(SpringApplication.java:436) [spring-boot-3.1.3.jar:3.1.3]
	at org.springframework.boot.SpringApplication.run(SpringApplication.java:312) [spring-boot-3.1.3.jar:3.1.3]
	at org.springframework.boot.SpringApplication.run(SpringApplication.java:1306) [spring-boot-3.1.3.jar:3.1.3]
	at org.springframework.boot.SpringApplication.run(SpringApplication.java:1295) [spring-boot-3.1.3.jar:3.1.3]
	at com.greenfarm.GreenfarmApplication.main(GreenfarmApplication.java:20) [classes/:?]
	at jdk.internal.reflect.NativeMethodAccessorImpl.invoke0(Native Method) ~[?:?]
	at jdk.internal.reflect.NativeMethodAccessorImpl.invoke(NativeMethodAccessorImpl.java:77) ~[?:?]
	at jdk.internal.reflect.DelegatingMethodAccessorImpl.invoke(DelegatingMethodAccessorImpl.java:43) ~[?:?]
	at java.lang.reflect.Method.invoke(Method.java:568) ~[?:?]
	at org.springframework.boot.devtools.restart.RestartLauncher.run(RestartLauncher.java:50) [spring-boot-devtools-3.1.3.jar:3.1.3]
Caused by: org.springframework.beans.factory.BeanCreationException: Error creating bean with name 'bookingServiceImpl' defined in file [D:\Ki 6\Java6ThayLiem\DATN\target\classes\com\greenfarm\service\impl\BookingServiceImpl.class]: Failed to instantiate [com.greenfarm.service.impl.BookingServiceImpl]: Constructor threw exception
	at org.springframework.beans.factory.support.AbstractAutowireCapableBeanFactory.instantiateBean(AbstractAutowireCapableBeanFactory.java:1314) ~[spring-beans-6.0.11.jar:6.0.11]
	at org.springframework.beans.factory.support.AbstractAutowireCapableBeanFactory.createBeanInstance(AbstractAutowireCapableBeanFactory.java:1199) ~[spring-beans-6.0.11.jar:6.0.11]
	at org.springframework.beans.factory.support.AbstractAutowireCapableBeanFactory.doCreateBean(AbstractAutowireCapableBeanFactory.java:560) ~[spring-beans-6.0.11.jar:6.0.11]
	at org.springframework.beans.factory.support.AbstractAutowireCapableBeanFactory.createBean(AbstractAutowireCapableBeanFactory.java:520) ~[spring-beans-6.0.11.jar:6.0.11]
	at org.springframework.beans.factory.support.AbstractBeanFactory.lambda$doGetBean$0(AbstractBeanFactory.java:326) ~[spring-beans-6.0.11.jar:6.0.11]
	at org.springframework.beans.factory.support.DefaultSingletonBeanRegistry.getSingleton(DefaultSingletonBeanRegistry.java:234) ~[spring-beans-6.0.11.jar:6.0.11]
	at org.springframework.beans.factory.support.AbstractBeanFactory.doGetBean(AbstractBeanFactory.java:324) ~[spring-beans-6.0.11.jar:6.0.11]
	at org.springframework.beans.factory.support.AbstractBeanFactory.getBean(AbstractBeanFactory.java:200) ~[spring-beans-6.0.11.jar:6.0.11]
	at org.springframework.beans.factory.config.DependencyDescriptor.resolveCandidate(DependencyDescriptor.java:254) ~[spring-beans-6.0.11.jar:6.0.11]
	at org.springframework.beans.factory.support.DefaultListableBeanFactory.doResolveDependency(DefaultListableBeanFactory.java:1417) ~[spring-beans-6.0.11.jar:6.0.11]
	at org.springframework.beans.factory.support.DefaultListableBeanFactory.resolveDependency(DefaultListableBeanFactory.java:1337) ~[spring-beans-6.0.11.jar:6.0.11]
	at org.springframework.beans.factory.annotation.AutowiredAnnotationBeanPostProcessor$AutowiredFieldElement.resolveFieldValue(AutowiredAnnotationBeanPostProcessor.java:713) ~[spring-beans-6.0.11.jar:6.0.11]
	... 25 more
Caused by: org.springframework.beans.BeanInstantiationException: Failed to instantiate [com.greenfarm.service.impl.BookingServiceImpl]: Constructor threw exception
	at org.springframework.beans.BeanUtils.instantiateClass(BeanUtils.java:224) ~[spring-beans-6.0.11.jar:6.0.11]
	at org.springframework.beans.factory.support.SimpleInstantiationStrategy.instantiate(SimpleInstantiationStrategy.java:87) ~[spring-beans-6.0.11.jar:6.0.11]
	at org.springframework.beans.factory.support.AbstractAutowireCapableBeanFactory.instantiateBean(AbstractAutowireCapableBeanFactory.java:1308) ~[spring-beans-6.0.11.jar:6.0.11]
	at org.springframework.beans.factory.support.AbstractAutowireCapableBeanFactory.createBeanInstance(AbstractAutowireCapableBeanFactory.java:1199) ~[spring-beans-6.0.11.jar:6.0.11]
	at org.springframework.beans.factory.support.AbstractAutowireCapableBeanFactory.doCreateBean(AbstractAutowireCapableBeanFactory.java:560) ~[spring-beans-6.0.11.jar:6.0.11]
	at org.springframework.beans.factory.support.AbstractAutowireCapableBeanFactory.createBean(AbstractAutowireCapableBeanFactory.java:520) ~[spring-beans-6.0.11.jar:6.0.11]
	at org.springframework.beans.factory.support.AbstractBeanFactory.lambda$doGetBean$0(AbstractBeanFactory.java:326) ~[spring-beans-6.0.11.jar:6.0.11]
	at org.springframework.beans.factory.support.DefaultSingletonBeanRegistry.getSingleton(DefaultSingletonBeanRegistry.java:234) ~[spring-beans-6.0.11.jar:6.0.11]
	at org.springframework.beans.factory.support.AbstractBeanFactory.doGetBean(AbstractBeanFactory.java:324) ~[spring-beans-6.0.11.jar:6.0.11]
	at org.springframework.beans.factory.support.AbstractBeanFactory.getBean(AbstractBeanFactory.java:200) ~[spring-beans-6.0.11.jar:6.0.11]
	at org.springframework.beans.factory.config.DependencyDescriptor.resolveCandidate(DependencyDescriptor.java:254) ~[spring-beans-6.0.11.jar:6.0.11]
	at org.springframework.beans.factory.support.DefaultListableBeanFactory.doResolveDependency(DefaultListableBeanFactory.java:1417) ~[spring-beans-6.0.11.jar:6.0.11]
	at org.springframework.beans.factory.support.DefaultListableBeanFactory.resolveDependency(DefaultListableBeanFactory.java:1337) ~[spring-beans-6.0.11.jar:6.0.11]
	at org.springframework.beans.factory.annotation.AutowiredAnnotationBeanPostProcessor$AutowiredFieldElement.resolveFieldValue(AutowiredAnnotationBeanPostProcessor.java:713) ~[spring-beans-6.0.11.jar:6.0.11]
	... 25 more
Caused by: java.lang.Error: Unresolved compilation problems: 
	The import com.greenfarm.dao.BookingDAO cannot be resolved
	BookingDAO cannot be resolved to a type
	BookingDAO cannot be resolved to a type
	BookingDAO cannot be resolved to a type
	BookingDAO cannot be resolved to a type
	BookingDAO cannot be resolved to a type
	BookingDAO cannot be resolved to a type
	BookingDAO cannot be resolved to a type
	BookingDAO cannot be resolved to a type
	BookingDAO cannot be resolved to a type
	BookingDAO cannot be resolved to a type
	BookingDAO cannot be resolved to a type
	BookingDAO cannot be resolved to a type
	BookingDAO cannot be resolved to a type

	at com.greenfarm.service.impl.BookingServiceImpl.<init>(BookingServiceImpl.java:14) ~[classes/:?]
	at jdk.internal.reflect.NativeConstructorAccessorImpl.newInstance0(Native Method) ~[?:?]
	at jdk.internal.reflect.NativeConstructorAccessorImpl.newInstance(NativeConstructorAccessorImpl.java:77) ~[?:?]
	at jdk.internal.reflect.DelegatingConstructorAccessorImpl.newInstance(DelegatingConstructorAccessorImpl.java:45) ~[?:?]
	at java.lang.reflect.Constructor.newInstanceWithCaller(Constructor.java:499) ~[?:?]
	at java.lang.reflect.Constructor.newInstance(Constructor.java:480) ~[?:?]
	at org.springframework.beans.BeanUtils.instantiateClass(BeanUtils.java:198) ~[spring-beans-6.0.11.jar:6.0.11]
	at org.springframework.beans.factory.support.SimpleInstantiationStrategy.instantiate(SimpleInstantiationStrategy.java:87) ~[spring-beans-6.0.11.jar:6.0.11]
	at org.springframework.beans.factory.support.AbstractAutowireCapableBeanFactory.instantiateBean(AbstractAutowireCapableBeanFactory.java:1308) ~[spring-beans-6.0.11.jar:6.0.11]
	at org.springframework.beans.factory.support.AbstractAutowireCapableBeanFactory.createBeanInstance(AbstractAutowireCapableBeanFactory.java:1199) ~[spring-beans-6.0.11.jar:6.0.11]
	at org.springframework.beans.factory.support.AbstractAutowireCapableBeanFactory.doCreateBean(AbstractAutowireCapableBeanFactory.java:560) ~[spring-beans-6.0.11.jar:6.0.11]
	at org.springframework.beans.factory.support.AbstractAutowireCapableBeanFactory.createBean(AbstractAutowireCapableBeanFactory.java:520) ~[spring-beans-6.0.11.jar:6.0.11]
	at org.springframework.beans.factory.support.AbstractBeanFactory.lambda$doGetBean$0(AbstractBeanFactory.java:326) ~[spring-beans-6.0.11.jar:6.0.11]
	at org.springframework.beans.factory.support.DefaultSingletonBeanRegistry.getSingleton(DefaultSingletonBeanRegistry.java:234) ~[spring-beans-6.0.11.jar:6.0.11]
	at org.springframework.beans.factory.support.AbstractBeanFactory.doGetBean(AbstractBeanFactory.java:324) ~[spring-beans-6.0.11.jar:6.0.11]
	at org.springframework.beans.factory.support.AbstractBeanFactory.getBean(AbstractBeanFactory.java:200) ~[spring-beans-6.0.11.jar:6.0.11]
	at org.springframework.beans.factory.config.DependencyDescriptor.resolveCandidate(DependencyDescriptor.java:254) ~[spring-beans-6.0.11.jar:6.0.11]
	at org.springframework.beans.factory.support.DefaultListableBeanFactory.doResolveDependency(DefaultListableBeanFactory.java:1417) ~[spring-beans-6.0.11.jar:6.0.11]
	at org.springframework.beans.factory.support.DefaultListableBeanFactory.resolveDependency(DefaultListableBeanFactory.java:1337) ~[spring-beans-6.0.11.jar:6.0.11]
	at org.springframework.beans.factory.annotation.AutowiredAnnotationBeanPostProcessor$AutowiredFieldElement.resolveFieldValue(AutowiredAnnotationBeanPostProcessor.java:713) ~[spring-beans-6.0.11.jar:6.0.11]
	... 25 more
[INFO ] 13-12-2023 11:14:47 [restartedMain] GreenfarmApplication - Starting GreenfarmApplication using Java 17.0.7 with PID 15908 (D:\Ki 6\Java6ThayLiem\DATN\target\classes started by Admin in D:\Ki 6\Java6ThayLiem\DATN)
[DEBUG] 13-12-2023 11:14:47 [restartedMain] GreenfarmApplication - Running with Spring Boot v3.1.3, Spring v6.0.11
[INFO ] 13-12-2023 11:14:47 [restartedMain] GreenfarmApplication - No active profile set, falling back to 1 default profile: "default"
[INFO ] 13-12-2023 11:14:47 [restartedMain] RepositoryConfigurationDelegate - Bootstrapping Spring Data JPA repositories in DEFAULT mode.
[INFO ] 13-12-2023 11:14:47 [restartedMain] RepositoryConfigurationDelegate - Finished Spring Data repository scanning in 72 ms. Found 31 JPA repository interfaces.
[INFO ] 13-12-2023 11:14:47 [restartedMain] TomcatWebServer - Tomcat initialized with port(s): 8080 (http)
[INFO ] 13-12-2023 11:14:47 [restartedMain] Http11NioProtocol - Initializing ProtocolHandler ["http-nio-8080"]
[INFO ] 13-12-2023 11:14:47 [restartedMain] StandardService - Starting service [Tomcat]
[INFO ] 13-12-2023 11:14:47 [restartedMain] StandardEngine - Starting Servlet engine: [Apache Tomcat/10.1.12]
[INFO ] 13-12-2023 11:14:47 [restartedMain] [/] - Initializing Spring embedded WebApplicationContext
[INFO ] 13-12-2023 11:14:47 [restartedMain] ServletWebServerApplicationContext - Root WebApplicationContext: initialization completed in 643 ms
[INFO ] 13-12-2023 11:14:48 [restartedMain] HikariDataSource - HikariPool-3 - Starting...
[INFO ] 13-12-2023 11:14:48 [restartedMain] HikariPool - HikariPool-3 - Added connection com.mysql.cj.jdbc.ConnectionImpl@5f5142f9
[INFO ] 13-12-2023 11:14:48 [restartedMain] HikariDataSource - HikariPool-3 - Start completed.
[INFO ] 13-12-2023 11:14:48 [restartedMain] LogHelper - HHH000204: Processing PersistenceUnitInfo [name: default]
[INFO ] 13-12-2023 11:14:48 [restartedMain] BytecodeProviderInitiator - HHH000021: Bytecode provider name : bytebuddy
[INFO ] 13-12-2023 11:14:48 [restartedMain] SpringPersistenceUnitInfo - No LoadTimeWeaver setup: ignoring JPA class transformer
[INFO ] 13-12-2023 11:14:48 [restartedMain] BytecodeProviderInitiator - HHH000021: Bytecode provider name : bytebuddy
[INFO ] 13-12-2023 11:14:48 [restartedMain] JtaPlatformInitiator - HHH000490: Using JtaPlatform implementation: [org.hibernate.engine.transaction.jta.platform.internal.NoJtaPlatform]
[INFO ] 13-12-2023 11:14:48 [restartedMain] LocalContainerEntityManagerFactoryBean - Initialized JPA EntityManagerFactory for persistence unit 'default'
[WARN ] 13-12-2023 11:14:49 [restartedMain] JpaBaseConfiguration$JpaWebConfiguration - spring.jpa.open-in-view is enabled by default. Therefore, database queries may be performed during view rendering. Explicitly configure spring.jpa.open-in-view to disable this warning
[INFO ] 13-12-2023 11:14:49 [restartedMain] EndpointLinksResolver - Exposing 1 endpoint(s) beneath base path '/actuator'
[INFO ] 13-12-2023 11:14:49 [restartedMain] DefaultSecurityFilterChain - Will secure any request with [org.springframework.security.web.session.DisableEncodeUrlFilter@b754679, org.springframework.security.web.context.request.async.WebAsyncManagerIntegrationFilter@31154615, org.springframework.security.web.context.SecurityContextHolderFilter@52ad6b4a, org.springframework.security.web.header.HeaderWriterFilter@355034ff, org.springframework.security.web.authentication.logout.LogoutFilter@1a731e64, org.springframework.security.oauth2.client.web.OAuth2AuthorizationRequestRedirectFilter@6e01397f, org.springframework.security.oauth2.client.web.OAuth2LoginAuthenticationFilter@4bc930e7, org.springframework.security.web.authentication.UsernamePasswordAuthenticationFilter@1a4413d9, org.springframework.security.web.savedrequest.RequestCacheAwareFilter@705a9fc9, org.springframework.security.web.servletapi.SecurityContextHolderAwareRequestFilter@17feffae, org.springframework.security.web.authentication.AnonymousAuthenticationFilter@56b85b89, org.springframework.security.web.access.ExceptionTranslationFilter@2ae9b551, org.springframework.security.web.access.intercept.FilterSecurityInterceptor@5de3b3f4]
[INFO ] 13-12-2023 11:14:49 [restartedMain] OptionalLiveReloadServer - LiveReload server is running on port 35729
[INFO ] 13-12-2023 11:14:49 [restartedMain] Http11NioProtocol - Starting ProtocolHandler ["http-nio-8080"]
[INFO ] 13-12-2023 11:14:49 [restartedMain] TomcatWebServer - Tomcat started on port(s): 8080 (http) with context path ''
[INFO ] 13-12-2023 11:14:49 [restartedMain] GreenfarmApplication - Started GreenfarmApplication in 2.143 seconds (process running for 111.553)
[INFO ] 13-12-2023 11:14:49 [restartedMain] ConditionEvaluationDeltaLoggingListener - Condition evaluation unchanged
[INFO ] 13-12-2023 11:14:51 [RMI TCP Connection(5)-127.0.0.1] SpringApplicationAdminMXBeanRegistrar$SpringApplicationAdmin - Application shutdown requested.
[INFO ] 13-12-2023 11:14:51 [RMI TCP Connection(5)-127.0.0.1] Http11NioProtocol - Pausing ProtocolHandler ["http-nio-8080"]
[INFO ] 13-12-2023 11:14:51 [RMI TCP Connection(5)-127.0.0.1] StandardService - Stopping service [Tomcat]
[INFO ] 13-12-2023 11:14:51 [RMI TCP Connection(5)-127.0.0.1] Http11NioProtocol - Stopping ProtocolHandler ["http-nio-8080"]
[INFO ] 13-12-2023 11:14:51 [RMI TCP Connection(5)-127.0.0.1] Http11NioProtocol - Destroying ProtocolHandler ["http-nio-8080"]
[INFO ] 13-12-2023 11:14:51 [RMI TCP Connection(5)-127.0.0.1] LocalContainerEntityManagerFactoryBean - Closing JPA EntityManagerFactory for persistence unit 'default'
[INFO ] 13-12-2023 11:14:51 [RMI TCP Connection(5)-127.0.0.1] HikariDataSource - HikariPool-3 - Shutdown initiated...
[INFO ] 13-12-2023 11:14:51 [RMI TCP Connection(5)-127.0.0.1] HikariDataSource - HikariPool-3 - Shutdown completed.
[INFO ] 13-12-2023 11:18:50 [background-preinit] Version - HV000001: Hibernate Validator 8.0.1.Final
[INFO ] 13-12-2023 11:18:50 [restartedMain] GreenfarmApplication - Starting GreenfarmApplication using Java 17.0.7 with PID 2672 (D:\Ki 6\Java6ThayLiem\DATN\target\classes started by Admin in D:\Ki 6\Java6ThayLiem\DATN)
[DEBUG] 13-12-2023 11:18:50 [restartedMain] GreenfarmApplication - Running with Spring Boot v3.1.3, Spring v6.0.11
[INFO ] 13-12-2023 11:18:50 [restartedMain] GreenfarmApplication - No active profile set, falling back to 1 default profile: "default"
[INFO ] 13-12-2023 11:18:50 [restartedMain] ChangeableUrls - The Class-Path manifest attribute in C:\Users\Admin\.m2\repository\xalan\xalan\2.7.2\xalan-2.7.2.jar referenced one or more files that do not exist: file:/C:/Users/Admin/.m2/repository/xalan/xalan/2.7.2/xercesImpl.jar,file:/C:/Users/Admin/.m2/repository/xalan/xalan/2.7.2/xml-apis.jar,file:/C:/Users/Admin/.m2/repository/xalan/xalan/2.7.2/serializer.jar
[INFO ] 13-12-2023 11:18:50 [restartedMain] ChangeableUrls - The Class-Path manifest attribute in C:\Users\Admin\.m2\repository\xalan\serializer\2.7.2\serializer-2.7.2.jar referenced one or more files that do not exist: file:/C:/Users/Admin/.m2/repository/xalan/serializer/2.7.2/xml-apis.jar
[INFO ] 13-12-2023 11:18:50 [restartedMain] ChangeableUrls - The Class-Path manifest attribute in C:\Users\Admin\.m2\repository\org\apache\xmlgraphics\batik-rasterizer-ext\1.13\batik-rasterizer-ext-1.13.jar referenced one or more files that do not exist: file:/C:/Users/Admin/.m2/repository/org/apache/xmlgraphics/batik-rasterizer-ext/1.13/batik-shared-resources-1.13.jar,file:/C:/Users/Admin/.m2/repository/org/apache/xmlgraphics/batik-rasterizer-ext/1.13/batik-svgrasterizer-1.13.jar,file:/C:/Users/Admin/.m2/repository/org/apache/xmlgraphics/batik-rasterizer-ext/1.13/batik-parser-1.13.jar,file:/C:/Users/Admin/.m2/repository/org/apache/xmlgraphics/batik-rasterizer-ext/1.13/batik-xml-1.13.jar,file:/C:/Users/Admin/.m2/repository/org/apache/xmlgraphics/batik-rasterizer-ext/1.13/batik-transcoder-1.13.jar,file:/C:/Users/Admin/.m2/repository/org/apache/xmlgraphics/batik-rasterizer-ext/1.13/batik-svggen-1.13.jar,file:/C:/Users/Admin/.m2/repository/org/apache/xmlgraphics/batik-rasterizer-ext/1.13/batik-util-1.13.jar,file:/C:/Users/Admin/.m2/repository/org/apache/xmlgraphics/batik-rasterizer-ext/1.13/batik-constants-1.13.jar,file:/C:/Users/Admin/.m2/repository/org/apache/xmlgraphics/batik-rasterizer-ext/1.13/batik-i18n-1.13.jar,file:/C:/Users/Admin/.m2/repository/org/apache/xmlgraphics/batik-rasterizer-ext/1.13/batik-codec-1.13.jar,file:/C:/Users/Admin/.m2/repository/org/apache/xmlgraphics/batik-rasterizer-ext/1.13/batik-extension-1.13.jar,file:/C:/Users/Admin/.m2/repository/org/apache/xmlgraphics/batik-rasterizer-ext/1.13/batik-anim-1.13.jar,file:/C:/Users/Admin/.m2/repository/org/apache/xmlgraphics/batik-rasterizer-ext/1.13/batik-awt-util-1.13.jar,file:/C:/Users/Admin/.m2/repository/org/apache/xmlgraphics/batik-rasterizer-ext/1.13/xmlgraphics-commons-2.4.jar,file:/C:/Users/Admin/.m2/repository/org/apache/xmlgraphics/batik-rasterizer-ext/1.13/commons-io-1.3.2.jar,file:/C:/Users/Admin/.m2/repository/org/apache/xmlgraphics/batik-rasterizer-ext/1.13/commons-logging-1.2.jar,file:/C:/Users/Admin/.m2/repository/org/apache/xmlgraphics/batik-rasterizer-ext/1.13/batik-bridge-1.13.jar,file:/C:/Users/Admin/.m2/repository/org/apache/xmlgraphics/batik-rasterizer-ext/1.13/batik-script-1.13.jar,file:/C:/Users/Admin/.m2/repository/org/apache/xmlgraphics/batik-rasterizer-ext/1.13/batik-css-1.13.jar,file:/C:/Users/Admin/.m2/repository/org/apache/xmlgraphics/batik-rasterizer-ext/1.13/batik-dom-1.13.jar,file:/C:/Users/Admin/.m2/repository/org/apache/xmlgraphics/batik-rasterizer-ext/1.13/xalan-2.7.2.jar,file:/C:/Users/Admin/.m2/repository/org/apache/xmlgraphics/batik-rasterizer-ext/1.13/serializer-2.7.2.jar,file:/C:/Users/Admin/.m2/repository/org/apache/xmlgraphics/batik-rasterizer-ext/1.13/xml-apis-1.4.01.jar,file:/C:/Users/Admin/.m2/repository/org/apache/xmlgraphics/batik-rasterizer-ext/1.13/batik-ext-1.13.jar,file:/C:/Users/Admin/.m2/repository/org/apache/xmlgraphics/batik-rasterizer-ext/1.13/batik-gvt-1.13.jar,file:/C:/Users/Admin/.m2/repository/org/apache/xmlgraphics/batik-rasterizer-ext/1.13/batik-svg-dom-1.13.jar,file:/C:/Users/Admin/.m2/repository/org/apache/xmlgraphics/batik-rasterizer-ext/1.13/xml-apis-ext-1.3.04.jar
[INFO ] 13-12-2023 11:18:50 [restartedMain] ChangeableUrls - The Class-Path manifest attribute in C:\Users\Admin\.m2\repository\org\apache\xmlgraphics\batik-rasterizer\1.13\batik-rasterizer-1.13.jar referenced one or more files that do not exist: file:/C:/Users/Admin/.m2/repository/org/apache/xmlgraphics/batik-rasterizer/1.13/lib/batik-shared-resources-1.13.jar,file:/C:/Users/Admin/.m2/repository/org/apache/xmlgraphics/batik-rasterizer/1.13/lib/batik-svgrasterizer-1.13.jar,file:/C:/Users/Admin/.m2/repository/org/apache/xmlgraphics/batik-rasterizer/1.13/lib/batik-parser-1.13.jar,file:/C:/Users/Admin/.m2/repository/org/apache/xmlgraphics/batik-rasterizer/1.13/lib/batik-awt-util-1.13.jar,file:/C:/Users/Admin/.m2/repository/org/apache/xmlgraphics/batik-rasterizer/1.13/lib/xmlgraphics-commons-2.4.jar,file:/C:/Users/Admin/.m2/repository/org/apache/xmlgraphics/batik-rasterizer/1.13/lib/commons-io-1.3.2.jar,file:/C:/Users/Admin/.m2/repository/org/apache/xmlgraphics/batik-rasterizer/1.13/lib/commons-logging-1.2.jar,file:/C:/Users/Admin/.m2/repository/org/apache/xmlgraphics/batik-rasterizer/1.13/lib/batik-xml-1.13.jar,file:/C:/Users/Admin/.m2/repository/org/apache/xmlgraphics/batik-rasterizer/1.13/lib/xml-apis-ext-1.3.04.jar,file:/C:/Users/Admin/.m2/repository/org/apache/xmlgraphics/batik-rasterizer/1.13/lib/batik-transcoder-1.13.jar,file:/C:/Users/Admin/.m2/repository/org/apache/xmlgraphics/batik-rasterizer/1.13/lib/batik-anim-1.13.jar,file:/C:/Users/Admin/.m2/repository/org/apache/xmlgraphics/batik-rasterizer/1.13/lib/batik-css-1.13.jar,file:/C:/Users/Admin/.m2/repository/org/apache/xmlgraphics/batik-rasterizer/1.13/lib/batik-ext-1.13.jar,file:/C:/Users/Admin/.m2/repository/org/apache/xmlgraphics/batik-rasterizer/1.13/lib/batik-svg-dom-1.13.jar,file:/C:/Users/Admin/.m2/repository/org/apache/xmlgraphics/batik-rasterizer/1.13/lib/batik-bridge-1.13.jar,file:/C:/Users/Admin/.m2/repository/org/apache/xmlgraphics/batik-rasterizer/1.13/lib/batik-script-1.13.jar,file:/C:/Users/Admin/.m2/repository/org/apache/xmlgraphics/batik-rasterizer/1.13/lib/batik-dom-1.13.jar,file:/C:/Users/Admin/.m2/repository/org/apache/xmlgraphics/batik-rasterizer/1.13/lib/xalan-2.7.2.jar,file:/C:/Users/Admin/.m2/repository/org/apache/xmlgraphics/batik-rasterizer/1.13/lib/serializer-2.7.2.jar,file:/C:/Users/Admin/.m2/repository/org/apache/xmlgraphics/batik-rasterizer/1.13/lib/xml-apis-1.4.01.jar,file:/C:/Users/Admin/.m2/repository/org/apache/xmlgraphics/batik-rasterizer/1.13/lib/batik-gvt-1.13.jar,file:/C:/Users/Admin/.m2/repository/org/apache/xmlgraphics/batik-rasterizer/1.13/lib/batik-svggen-1.13.jar,file:/C:/Users/Admin/.m2/repository/org/apache/xmlgraphics/batik-rasterizer/1.13/lib/batik-util-1.13.jar,file:/C:/Users/Admin/.m2/repository/org/apache/xmlgraphics/batik-rasterizer/1.13/lib/batik-constants-1.13.jar,file:/C:/Users/Admin/.m2/repository/org/apache/xmlgraphics/batik-rasterizer/1.13/lib/batik-i18n-1.13.jar,file:/C:/Users/Admin/.m2/repository/org/apache/xmlgraphics/batik-rasterizer/1.13/lib/batik-codec-1.13.jar,file:/C:/Users/Admin/.m2/repository/org/apache/xmlgraphics/batik-rasterizer/1.13/lib/fop-transcoder-allinone-2.5.jar
[INFO ] 13-12-2023 11:18:50 [restartedMain] ChangeableUrls - The Class-Path manifest attribute in C:\Users\Admin\.m2\repository\org\apache\xmlgraphics\batik-slideshow\1.13\batik-slideshow-1.13.jar referenced one or more files that do not exist: file:/C:/Users/Admin/.m2/repository/org/apache/xmlgraphics/batik-slideshow/1.13/lib/batik-bridge-1.13.jar,file:/C:/Users/Admin/.m2/repository/org/apache/xmlgraphics/batik-slideshow/1.13/lib/batik-anim-1.13.jar,file:/C:/Users/Admin/.m2/repository/org/apache/xmlgraphics/batik-slideshow/1.13/lib/batik-ext-1.13.jar,file:/C:/Users/Admin/.m2/repository/org/apache/xmlgraphics/batik-slideshow/1.13/lib/batik-awt-util-1.13.jar,file:/C:/Users/Admin/.m2/repository/org/apache/xmlgraphics/batik-slideshow/1.13/lib/batik-css-1.13.jar,file:/C:/Users/Admin/.m2/repository/org/apache/xmlgraphics/batik-slideshow/1.13/lib/batik-dom-1.13.jar,file:/C:/Users/Admin/.m2/repository/org/apache/xmlgraphics/batik-slideshow/1.13/lib/xalan-2.7.2.jar,file:/C:/Users/Admin/.m2/repository/org/apache/xmlgraphics/batik-slideshow/1.13/lib/serializer-2.7.2.jar,file:/C:/Users/Admin/.m2/repository/org/apache/xmlgraphics/batik-slideshow/1.13/lib/xml-apis-1.4.01.jar,file:/C:/Users/Admin/.m2/repository/org/apache/xmlgraphics/batik-slideshow/1.13/lib/batik-parser-1.13.jar,file:/C:/Users/Admin/.m2/repository/org/apache/xmlgraphics/batik-slideshow/1.13/lib/batik-script-1.13.jar,file:/C:/Users/Admin/.m2/repository/org/apache/xmlgraphics/batik-slideshow/1.13/lib/batik-svg-dom-1.13.jar,file:/C:/Users/Admin/.m2/repository/org/apache/xmlgraphics/batik-slideshow/1.13/lib/batik-util-1.13.jar,file:/C:/Users/Admin/.m2/repository/org/apache/xmlgraphics/batik-slideshow/1.13/lib/batik-constants-1.13.jar,file:/C:/Users/Admin/.m2/repository/org/apache/xmlgraphics/batik-slideshow/1.13/lib/batik-i18n-1.13.jar,file:/C:/Users/Admin/.m2/repository/org/apache/xmlgraphics/batik-slideshow/1.13/lib/batik-xml-1.13.jar,file:/C:/Users/Admin/.m2/repository/org/apache/xmlgraphics/batik-slideshow/1.13/lib/xmlgraphics-commons-2.4.jar,file:/C:/Users/Admin/.m2/repository/org/apache/xmlgraphics/batik-slideshow/1.13/lib/commons-io-1.3.2.jar,file:/C:/Users/Admin/.m2/repository/org/apache/xmlgraphics/batik-slideshow/1.13/lib/commons-logging-1.2.jar,file:/C:/Users/Admin/.m2/repository/org/apache/xmlgraphics/batik-slideshow/1.13/lib/batik-gvt-1.13.jar,file:/C:/Users/Admin/.m2/repository/org/apache/xmlgraphics/batik-slideshow/1.13/lib/batik-shared-resources-1.13.jar,file:/C:/Users/Admin/.m2/repository/org/apache/xmlgraphics/batik-slideshow/1.13/lib/xml-apis-ext-1.3.04.jar
[INFO ] 13-12-2023 11:18:50 [restartedMain] ChangeableUrls - The Class-Path manifest attribute in C:\Users\Admin\.m2\repository\org\apache\xmlgraphics\batik-squiggle-ext\1.13\batik-squiggle-ext-1.13.jar referenced one or more files that do not exist: file:/C:/Users/Admin/.m2/repository/org/apache/xmlgraphics/batik-squiggle-ext/1.13/batik-shared-resources-1.13.jar,file:/C:/Users/Admin/.m2/repository/org/apache/xmlgraphics/batik-squiggle-ext/1.13/batik-svgbrowser-1.13.jar,file:/C:/Users/Admin/.m2/repository/org/apache/xmlgraphics/batik-squiggle-ext/1.13/batik-anim-1.13.jar,file:/C:/Users/Admin/.m2/repository/org/apache/xmlgraphics/batik-squiggle-ext/1.13/batik-bridge-1.13.jar,file:/C:/Users/Admin/.m2/repository/org/apache/xmlgraphics/batik-squiggle-ext/1.13/batik-script-1.13.jar,file:/C:/Users/Admin/.m2/repository/org/apache/xmlgraphics/batik-squiggle-ext/1.13/xmlgraphics-commons-2.4.jar,file:/C:/Users/Admin/.m2/repository/org/apache/xmlgraphics/batik-squiggle-ext/1.13/commons-io-1.3.2.jar,file:/C:/Users/Admin/.m2/repository/org/apache/xmlgraphics/batik-squiggle-ext/1.13/commons-logging-1.2.jar,file:/C:/Users/Admin/.m2/repository/org/apache/xmlgraphics/batik-squiggle-ext/1.13/batik-dom-1.13.jar,file:/C:/Users/Admin/.m2/repository/org/apache/xmlgraphics/batik-squiggle-ext/1.13/xalan-2.7.2.jar,file:/C:/Users/Admin/.m2/repository/org/apache/xmlgraphics/batik-squiggle-ext/1.13/serializer-2.7.2.jar,file:/C:/Users/Admin/.m2/repository/org/apache/xmlgraphics/batik-squiggle-ext/1.13/xml-apis-1.4.01.jar,file:/C:/Users/Admin/.m2/repository/org/apache/xmlgraphics/batik-squiggle-ext/1.13/batik-gvt-1.13.jar,file:/C:/Users/Admin/.m2/repository/org/apache/xmlgraphics/batik-squiggle-ext/1.13/batik-swing-1.13.jar,file:/C:/Users/Admin/.m2/repository/org/apache/xmlgraphics/batik-squiggle-ext/1.13/batik-gui-util-1.13.jar,file:/C:/Users/Admin/.m2/repository/org/apache/xmlgraphics/batik-squiggle-ext/1.13/batik-transcoder-1.13.jar,file:/C:/Users/Admin/.m2/repository/org/apache/xmlgraphics/batik-squiggle-ext/1.13/batik-svggen-1.13.jar,file:/C:/Users/Admin/.m2/repository/org/apache/xmlgraphics/batik-squiggle-ext/1.13/batik-util-1.13.jar,file:/C:/Users/Admin/.m2/repository/org/apache/xmlgraphics/batik-squiggle-ext/1.13/batik-constants-1.13.jar,file:/C:/Users/Admin/.m2/repository/org/apache/xmlgraphics/batik-squiggle-ext/1.13/batik-i18n-1.13.jar,file:/C:/Users/Admin/.m2/repository/org/apache/xmlgraphics/batik-squiggle-ext/1.13/batik-xml-1.13.jar,file:/C:/Users/Admin/.m2/repository/org/apache/xmlgraphics/batik-squiggle-ext/1.13/xml-apis-ext-1.3.04.jar,file:/C:/Users/Admin/.m2/repository/org/apache/xmlgraphics/batik-squiggle-ext/1.13/batik-extension-1.13.jar,file:/C:/Users/Admin/.m2/repository/org/apache/xmlgraphics/batik-squiggle-ext/1.13/batik-awt-util-1.13.jar,file:/C:/Users/Admin/.m2/repository/org/apache/xmlgraphics/batik-squiggle-ext/1.13/batik-css-1.13.jar,file:/C:/Users/Admin/.m2/repository/org/apache/xmlgraphics/batik-squiggle-ext/1.13/batik-ext-1.13.jar,file:/C:/Users/Admin/.m2/repository/org/apache/xmlgraphics/batik-squiggle-ext/1.13/batik-parser-1.13.jar,file:/C:/Users/Admin/.m2/repository/org/apache/xmlgraphics/batik-squiggle-ext/1.13/batik-svg-dom-1.13.jar
[INFO ] 13-12-2023 11:18:50 [restartedMain] ChangeableUrls - The Class-Path manifest attribute in C:\Users\Admin\.m2\repository\org\apache\xmlgraphics\batik-squiggle\1.13\batik-squiggle-1.13.jar referenced one or more files that do not exist: file:/C:/Users/Admin/.m2/repository/org/apache/xmlgraphics/batik-squiggle/1.13/lib/batik-shared-resources-1.13.jar,file:/C:/Users/Admin/.m2/repository/org/apache/xmlgraphics/batik-squiggle/1.13/lib/batik-svgbrowser-1.13.jar,file:/C:/Users/Admin/.m2/repository/org/apache/xmlgraphics/batik-squiggle/1.13/lib/batik-anim-1.13.jar,file:/C:/Users/Admin/.m2/repository/org/apache/xmlgraphics/batik-squiggle/1.13/lib/batik-awt-util-1.13.jar,file:/C:/Users/Admin/.m2/repository/org/apache/xmlgraphics/batik-squiggle/1.13/lib/batik-css-1.13.jar,file:/C:/Users/Admin/.m2/repository/org/apache/xmlgraphics/batik-squiggle/1.13/lib/batik-ext-1.13.jar,file:/C:/Users/Admin/.m2/repository/org/apache/xmlgraphics/batik-squiggle/1.13/lib/batik-parser-1.13.jar,file:/C:/Users/Admin/.m2/repository/org/apache/xmlgraphics/batik-squiggle/1.13/lib/batik-svg-dom-1.13.jar,file:/C:/Users/Admin/.m2/repository/org/apache/xmlgraphics/batik-squiggle/1.13/lib/batik-bridge-1.13.jar,file:/C:/Users/Admin/.m2/repository/org/apache/xmlgraphics/batik-squiggle/1.13/lib/batik-script-1.13.jar,file:/C:/Users/Admin/.m2/repository/org/apache/xmlgraphics/batik-squiggle/1.13/lib/xmlgraphics-commons-2.4.jar,file:/C:/Users/Admin/.m2/repository/org/apache/xmlgraphics/batik-squiggle/1.13/lib/commons-io-1.3.2.jar,file:/C:/Users/Admin/.m2/repository/org/apache/xmlgraphics/batik-squiggle/1.13/lib/commons-logging-1.2.jar,file:/C:/Users/Admin/.m2/repository/org/apache/xmlgraphics/batik-squiggle/1.13/lib/batik-dom-1.13.jar,file:/C:/Users/Admin/.m2/repository/org/apache/xmlgraphics/batik-squiggle/1.13/lib/xalan-2.7.2.jar,file:/C:/Users/Admin/.m2/repository/org/apache/xmlgraphics/batik-squiggle/1.13/lib/serializer-2.7.2.jar,file:/C:/Users/Admin/.m2/repository/org/apache/xmlgraphics/batik-squiggle/1.13/lib/xml-apis-1.4.01.jar,file:/C:/Users/Admin/.m2/repository/org/apache/xmlgraphics/batik-squiggle/1.13/lib/batik-gvt-1.13.jar,file:/C:/Users/Admin/.m2/repository/org/apache/xmlgraphics/batik-squiggle/1.13/lib/batik-swing-1.13.jar,file:/C:/Users/Admin/.m2/repository/org/apache/xmlgraphics/batik-squiggle/1.13/lib/batik-gui-util-1.13.jar,file:/C:/Users/Admin/.m2/repository/org/apache/xmlgraphics/batik-squiggle/1.13/lib/batik-transcoder-1.13.jar,file:/C:/Users/Admin/.m2/repository/org/apache/xmlgraphics/batik-squiggle/1.13/lib/batik-svggen-1.13.jar,file:/C:/Users/Admin/.m2/repository/org/apache/xmlgraphics/batik-squiggle/1.13/lib/batik-util-1.13.jar,file:/C:/Users/Admin/.m2/repository/org/apache/xmlgraphics/batik-squiggle/1.13/lib/batik-constants-1.13.jar,file:/C:/Users/Admin/.m2/repository/org/apache/xmlgraphics/batik-squiggle/1.13/lib/batik-i18n-1.13.jar,file:/C:/Users/Admin/.m2/repository/org/apache/xmlgraphics/batik-squiggle/1.13/lib/batik-xml-1.13.jar,file:/C:/Users/Admin/.m2/repository/org/apache/xmlgraphics/batik-squiggle/1.13/lib/xml-apis-ext-1.3.04.jar
[INFO ] 13-12-2023 11:18:50 [restartedMain] ChangeableUrls - The Class-Path manifest attribute in C:\Users\Admin\.m2\repository\org\apache\xmlgraphics\batik-svgpp\1.13\batik-svgpp-1.13.jar referenced one or more files that do not exist: file:/C:/Users/Admin/.m2/repository/org/apache/xmlgraphics/batik-svgpp/1.13/lib/batik-shared-resources-1.13.jar,file:/C:/Users/Admin/.m2/repository/org/apache/xmlgraphics/batik-svgpp/1.13/lib/batik-transcoder-1.13.jar,file:/C:/Users/Admin/.m2/repository/org/apache/xmlgraphics/batik-svgpp/1.13/lib/batik-anim-1.13.jar,file:/C:/Users/Admin/.m2/repository/org/apache/xmlgraphics/batik-svgpp/1.13/lib/batik-css-1.13.jar,file:/C:/Users/Admin/.m2/repository/org/apache/xmlgraphics/batik-svgpp/1.13/lib/batik-ext-1.13.jar,file:/C:/Users/Admin/.m2/repository/org/apache/xmlgraphics/batik-svgpp/1.13/lib/batik-parser-1.13.jar,file:/C:/Users/Admin/.m2/repository/org/apache/xmlgraphics/batik-svgpp/1.13/lib/batik-svg-dom-1.13.jar,file:/C:/Users/Admin/.m2/repository/org/apache/xmlgraphics/batik-svgpp/1.13/lib/batik-awt-util-1.13.jar,file:/C:/Users/Admin/.m2/repository/org/apache/xmlgraphics/batik-svgpp/1.13/lib/xmlgraphics-commons-2.4.jar,file:/C:/Users/Admin/.m2/repository/org/apache/xmlgraphics/batik-svgpp/1.13/lib/commons-io-1.3.2.jar,file:/C:/Users/Admin/.m2/repository/org/apache/xmlgraphics/batik-svgpp/1.13/lib/commons-logging-1.2.jar,file:/C:/Users/Admin/.m2/repository/org/apache/xmlgraphics/batik-svgpp/1.13/lib/batik-bridge-1.13.jar,file:/C:/Users/Admin/.m2/repository/org/apache/xmlgraphics/batik-svgpp/1.13/lib/batik-script-1.13.jar,file:/C:/Users/Admin/.m2/repository/org/apache/xmlgraphics/batik-svgpp/1.13/lib/batik-dom-1.13.jar,file:/C:/Users/Admin/.m2/repository/org/apache/xmlgraphics/batik-svgpp/1.13/lib/xalan-2.7.2.jar,file:/C:/Users/Admin/.m2/repository/org/apache/xmlgraphics/batik-svgpp/1.13/lib/serializer-2.7.2.jar,file:/C:/Users/Admin/.m2/repository/org/apache/xmlgraphics/batik-svgpp/1.13/lib/xml-apis-1.4.01.jar,file:/C:/Users/Admin/.m2/repository/org/apache/xmlgraphics/batik-svgpp/1.13/lib/batik-gvt-1.13.jar,file:/C:/Users/Admin/.m2/repository/org/apache/xmlgraphics/batik-svgpp/1.13/lib/batik-svggen-1.13.jar,file:/C:/Users/Admin/.m2/repository/org/apache/xmlgraphics/batik-svgpp/1.13/lib/batik-xml-1.13.jar,file:/C:/Users/Admin/.m2/repository/org/apache/xmlgraphics/batik-svgpp/1.13/lib/xml-apis-ext-1.3.04.jar,file:/C:/Users/Admin/.m2/repository/org/apache/xmlgraphics/batik-svgpp/1.13/lib/batik-util-1.13.jar,file:/C:/Users/Admin/.m2/repository/org/apache/xmlgraphics/batik-svgpp/1.13/lib/batik-constants-1.13.jar,file:/C:/Users/Admin/.m2/repository/org/apache/xmlgraphics/batik-svgpp/1.13/lib/batik-i18n-1.13.jar
[INFO ] 13-12-2023 11:18:50 [restartedMain] ChangeableUrls - The Class-Path manifest attribute in C:\Users\Admin\.m2\repository\org\apache\xmlgraphics\batik-ttf2svg\1.13\batik-ttf2svg-1.13.jar referenced one or more files that do not exist: file:/C:/Users/Admin/.m2/repository/org/apache/xmlgraphics/batik-ttf2svg/1.13/lib/batik-shared-resources-1.13.jar,file:/C:/Users/Admin/.m2/repository/org/apache/xmlgraphics/batik-ttf2svg/1.13/lib/batik-svggen-1.13.jar,file:/C:/Users/Admin/.m2/repository/org/apache/xmlgraphics/batik-ttf2svg/1.13/lib/batik-awt-util-1.13.jar,file:/C:/Users/Admin/.m2/repository/org/apache/xmlgraphics/batik-ttf2svg/1.13/lib/xmlgraphics-commons-2.4.jar,file:/C:/Users/Admin/.m2/repository/org/apache/xmlgraphics/batik-ttf2svg/1.13/lib/commons-io-1.3.2.jar,file:/C:/Users/Admin/.m2/repository/org/apache/xmlgraphics/batik-ttf2svg/1.13/lib/commons-logging-1.2.jar,file:/C:/Users/Admin/.m2/repository/org/apache/xmlgraphics/batik-ttf2svg/1.13/lib/batik-util-1.13.jar,file:/C:/Users/Admin/.m2/repository/org/apache/xmlgraphics/batik-ttf2svg/1.13/lib/batik-constants-1.13.jar,file:/C:/Users/Admin/.m2/repository/org/apache/xmlgraphics/batik-ttf2svg/1.13/lib/batik-i18n-1.13.jar
[INFO ] 13-12-2023 11:18:50 [restartedMain] ChangeableUrls - The Class-Path manifest attribute in C:\Users\Admin\.m2\repository\io\grpc\grpc-netty-shaded\1.21.0\grpc-netty-shaded-1.21.0.jar referenced one or more files that do not exist: file:/C:/Users/Admin/.m2/repository/io/grpc/grpc-netty-shaded/1.21.0/grpc-core-1.21.0.jar,file:/C:/Users/Admin/.m2/repository/io/grpc/grpc-netty-shaded/1.21.0/opencensus-contrib-grpc-metrics-0.21.0.jar,file:/C:/Users/Admin/.m2/repository/io/grpc/grpc-netty-shaded/1.21.0/opencensus-api-0.21.0.jar,file:/C:/Users/Admin/.m2/repository/io/grpc/grpc-netty-shaded/1.21.0/grpc-api-1.21.0.jar,file:/C:/Users/Admin/.m2/repository/io/grpc/grpc-netty-shaded/1.21.0/gson-2.7.jar,file:/C:/Users/Admin/.m2/repository/io/grpc/grpc-netty-shaded/1.21.0/annotations-4.1.1.4.jar,file:/C:/Users/Admin/.m2/repository/io/grpc/grpc-netty-shaded/1.21.0/grpc-context-1.21.0.jar,file:/C:/Users/Admin/.m2/repository/io/grpc/grpc-netty-shaded/1.21.0/error_prone_annotations-2.3.2.jar,file:/C:/Users/Admin/.m2/repository/io/grpc/grpc-netty-shaded/1.21.0/jsr305-3.0.2.jar,file:/C:/Users/Admin/.m2/repository/io/grpc/grpc-netty-shaded/1.21.0/animal-sniffer-annotations-1.17.jar,file:/C:/Users/Admin/.m2/repository/io/grpc/grpc-netty-shaded/1.21.0/guava-26.0-android.jar,file:/C:/Users/Admin/.m2/repository/io/grpc/grpc-netty-shaded/1.21.0/checker-compat-qual-2.5.2.jar,file:/C:/Users/Admin/.m2/repository/io/grpc/grpc-netty-shaded/1.21.0/j2objc-annotations-1.1.jar
[INFO ] 13-12-2023 11:18:50 [restartedMain] DevToolsPropertyDefaultsPostProcessor - Devtools property defaults active! Set 'spring.devtools.add-properties' to 'false' to disable
[INFO ] 13-12-2023 11:18:50 [restartedMain] DevToolsPropertyDefaultsPostProcessor - For additional web related logging consider setting the 'logging.level.web' property to 'DEBUG'
[INFO ] 13-12-2023 11:18:51 [restartedMain] RepositoryConfigurationDelegate - Bootstrapping Spring Data JPA repositories in DEFAULT mode.
[INFO ] 13-12-2023 11:18:51 [restartedMain] RepositoryConfigurationDelegate - Finished Spring Data repository scanning in 90 ms. Found 31 JPA repository interfaces.
[INFO ] 13-12-2023 11:18:51 [restartedMain] TomcatWebServer - Tomcat initialized with port(s): 8080 (http)
[INFO ] 13-12-2023 11:18:51 [restartedMain] Http11NioProtocol - Initializing ProtocolHandler ["http-nio-8080"]
[INFO ] 13-12-2023 11:18:51 [restartedMain] StandardService - Starting service [Tomcat]
[INFO ] 13-12-2023 11:18:51 [restartedMain] StandardEngine - Starting Servlet engine: [Apache Tomcat/10.1.12]
[INFO ] 13-12-2023 11:18:51 [restartedMain] [/] - Initializing Spring embedded WebApplicationContext
[INFO ] 13-12-2023 11:18:51 [restartedMain] ServletWebServerApplicationContext - Root WebApplicationContext: initialization completed in 1488 ms
[INFO ] 13-12-2023 11:18:52 [restartedMain] HikariDataSource - HikariPool-1 - Starting...
[INFO ] 13-12-2023 11:18:52 [restartedMain] HikariPool - HikariPool-1 - Added connection com.mysql.cj.jdbc.ConnectionImpl@74ec771f
[INFO ] 13-12-2023 11:18:52 [restartedMain] HikariDataSource - HikariPool-1 - Start completed.
[INFO ] 13-12-2023 11:18:52 [restartedMain] LogHelper - HHH000204: Processing PersistenceUnitInfo [name: default]
[INFO ] 13-12-2023 11:18:52 [restartedMain] Version - HHH000412: Hibernate ORM core version 6.2.7.Final
[INFO ] 13-12-2023 11:18:52 [restartedMain] Environment - HHH000406: Using bytecode reflection optimizer
[INFO ] 13-12-2023 11:18:52 [restartedMain] BytecodeProviderInitiator - HHH000021: Bytecode provider name : bytebuddy
[INFO ] 13-12-2023 11:18:52 [restartedMain] SpringPersistenceUnitInfo - No LoadTimeWeaver setup: ignoring JPA class transformer
[INFO ] 13-12-2023 11:18:52 [restartedMain] BytecodeProviderInitiator - HHH000021: Bytecode provider name : bytebuddy
[INFO ] 13-12-2023 11:18:53 [restartedMain] JtaPlatformInitiator - HHH000490: Using JtaPlatform implementation: [org.hibernate.engine.transaction.jta.platform.internal.NoJtaPlatform]
[INFO ] 13-12-2023 11:18:53 [restartedMain] LocalContainerEntityManagerFactoryBean - Initialized JPA EntityManagerFactory for persistence unit 'default'
[INFO ] 13-12-2023 11:18:53 [restartedMain] QueryEnhancerFactory - Hibernate is in classpath; If applicable, HQL parser will be used.
[INFO ] 13-12-2023 11:18:54 [restartedMain] Webcam - WebcamDefaultDriver capture driver will be used
[INFO ] 13-12-2023 11:18:56 [restartedMain] FCMInitializer - Firebase application has been initialized
[WARN ] 13-12-2023 11:18:56 [restartedMain] JpaBaseConfiguration$JpaWebConfiguration - spring.jpa.open-in-view is enabled by default. Therefore, database queries may be performed during view rendering. Explicitly configure spring.jpa.open-in-view to disable this warning
[INFO ] 13-12-2023 11:18:56 [restartedMain] EndpointLinksResolver - Exposing 1 endpoint(s) beneath base path '/actuator'
[INFO ] 13-12-2023 11:18:56 [restartedMain] DefaultSecurityFilterChain - Will secure any request with [org.springframework.security.web.session.DisableEncodeUrlFilter@61f44073, org.springframework.security.web.context.request.async.WebAsyncManagerIntegrationFilter@23c5222b, org.springframework.security.web.context.SecurityContextHolderFilter@21b823b9, org.springframework.security.web.header.HeaderWriterFilter@6207ffdc, org.springframework.security.web.authentication.logout.LogoutFilter@61a39ce4, org.springframework.security.oauth2.client.web.OAuth2AuthorizationRequestRedirectFilter@245cd5eb, org.springframework.security.oauth2.client.web.OAuth2LoginAuthenticationFilter@213ac67, org.springframework.security.web.authentication.UsernamePasswordAuthenticationFilter@6cf35c83, org.springframework.security.web.savedrequest.RequestCacheAwareFilter@aec80b5, org.springframework.security.web.servletapi.SecurityContextHolderAwareRequestFilter@183e4596, org.springframework.security.web.authentication.AnonymousAuthenticationFilter@3c2ac2a0, org.springframework.security.web.access.ExceptionTranslationFilter@18cb9d74, org.springframework.security.web.access.intercept.FilterSecurityInterceptor@45706a54]
[INFO ] 13-12-2023 11:18:57 [restartedMain] OptionalLiveReloadServer - LiveReload server is running on port 35729
[INFO ] 13-12-2023 11:18:57 [restartedMain] Http11NioProtocol - Starting ProtocolHandler ["http-nio-8080"]
[INFO ] 13-12-2023 11:18:57 [restartedMain] TomcatWebServer - Tomcat started on port(s): 8080 (http) with context path ''
[INFO ] 13-12-2023 11:18:57 [restartedMain] GreenfarmApplication - Started GreenfarmApplication in 7.39 seconds (process running for 8.247)
[INFO ] 13-12-2023 11:19:00 [RMI TCP Connection(3)-127.0.0.1] [/] - Initializing Spring DispatcherServlet 'dispatcherServlet'
[INFO ] 13-12-2023 11:19:00 [RMI TCP Connection(3)-127.0.0.1] DispatcherServlet - Initializing Servlet 'dispatcherServlet'
[INFO ] 13-12-2023 11:19:00 [RMI TCP Connection(3)-127.0.0.1] DispatcherServlet - Completed initialization in 1 ms
[INFO ] 13-12-2023 11:21:19 [File Watcher] LocalDevToolsAutoConfiguration$RestartingClassPathChangeChangedEventListener - Restarting due to 1 class path change (0 additions, 0 deletions, 1 modification)
[INFO ] 13-12-2023 11:21:19 [Thread-6] Http11NioProtocol - Pausing ProtocolHandler ["http-nio-8080"]
[INFO ] 13-12-2023 11:21:19 [Thread-6] StandardService - Stopping service [Tomcat]
[INFO ] 13-12-2023 11:21:19 [Thread-6] [/] - Destroying Spring FrameworkServlet 'dispatcherServlet'
[INFO ] 13-12-2023 11:21:19 [Thread-6] Http11NioProtocol - Stopping ProtocolHandler ["http-nio-8080"]
[INFO ] 13-12-2023 11:21:19 [Thread-6] Http11NioProtocol - Destroying ProtocolHandler ["http-nio-8080"]
[INFO ] 13-12-2023 11:21:19 [Thread-6] LocalContainerEntityManagerFactoryBean - Closing JPA EntityManagerFactory for persistence unit 'default'
[INFO ] 13-12-2023 11:21:19 [Thread-6] HikariDataSource - HikariPool-1 - Shutdown initiated...
[INFO ] 13-12-2023 11:21:19 [Thread-6] HikariDataSource - HikariPool-1 - Shutdown completed.
[INFO ] 13-12-2023 11:21:20 [restartedMain] GreenfarmApplication - Starting GreenfarmApplication using Java 17.0.7 with PID 2672 (D:\Ki 6\Java6ThayLiem\DATN\target\classes started by Admin in D:\Ki 6\Java6ThayLiem\DATN)
[DEBUG] 13-12-2023 11:21:20 [restartedMain] GreenfarmApplication - Running with Spring Boot v3.1.3, Spring v6.0.11
[INFO ] 13-12-2023 11:21:20 [restartedMain] GreenfarmApplication - No active profile set, falling back to 1 default profile: "default"
[INFO ] 13-12-2023 11:21:20 [restartedMain] RepositoryConfigurationDelegate - Bootstrapping Spring Data JPA repositories in DEFAULT mode.
[INFO ] 13-12-2023 11:21:20 [restartedMain] RepositoryConfigurationDelegate - Finished Spring Data repository scanning in 58 ms. Found 31 JPA repository interfaces.
[INFO ] 13-12-2023 11:21:20 [restartedMain] TomcatWebServer - Tomcat initialized with port(s): 8080 (http)
[INFO ] 13-12-2023 11:21:20 [restartedMain] Http11NioProtocol - Initializing ProtocolHandler ["http-nio-8080"]
[INFO ] 13-12-2023 11:21:20 [restartedMain] StandardService - Starting service [Tomcat]
[INFO ] 13-12-2023 11:21:20 [restartedMain] StandardEngine - Starting Servlet engine: [Apache Tomcat/10.1.12]
[INFO ] 13-12-2023 11:21:20 [restartedMain] [/] - Initializing Spring embedded WebApplicationContext
[INFO ] 13-12-2023 11:21:20 [restartedMain] ServletWebServerApplicationContext - Root WebApplicationContext: initialization completed in 534 ms
[INFO ] 13-12-2023 11:21:20 [restartedMain] HikariDataSource - HikariPool-2 - Starting...
[INFO ] 13-12-2023 11:21:20 [restartedMain] HikariPool - HikariPool-2 - Added connection com.mysql.cj.jdbc.ConnectionImpl@40a26468
[INFO ] 13-12-2023 11:21:20 [restartedMain] HikariDataSource - HikariPool-2 - Start completed.
[INFO ] 13-12-2023 11:21:20 [restartedMain] LogHelper - HHH000204: Processing PersistenceUnitInfo [name: default]
[INFO ] 13-12-2023 11:21:20 [restartedMain] BytecodeProviderInitiator - HHH000021: Bytecode provider name : bytebuddy
[INFO ] 13-12-2023 11:21:20 [restartedMain] SpringPersistenceUnitInfo - No LoadTimeWeaver setup: ignoring JPA class transformer
[INFO ] 13-12-2023 11:21:20 [restartedMain] BytecodeProviderInitiator - HHH000021: Bytecode provider name : bytebuddy
[INFO ] 13-12-2023 11:21:21 [restartedMain] JtaPlatformInitiator - HHH000490: Using JtaPlatform implementation: [org.hibernate.engine.transaction.jta.platform.internal.NoJtaPlatform]
[INFO ] 13-12-2023 11:21:21 [restartedMain] LocalContainerEntityManagerFactoryBean - Initialized JPA EntityManagerFactory for persistence unit 'default'
[WARN ] 13-12-2023 11:21:21 [restartedMain] JpaBaseConfiguration$JpaWebConfiguration - spring.jpa.open-in-view is enabled by default. Therefore, database queries may be performed during view rendering. Explicitly configure spring.jpa.open-in-view to disable this warning
[INFO ] 13-12-2023 11:21:22 [restartedMain] EndpointLinksResolver - Exposing 1 endpoint(s) beneath base path '/actuator'
[INFO ] 13-12-2023 11:21:22 [restartedMain] DefaultSecurityFilterChain - Will secure any request with [org.springframework.security.web.session.DisableEncodeUrlFilter@52b43466, org.springframework.security.web.context.request.async.WebAsyncManagerIntegrationFilter@4077e7cb, org.springframework.security.web.context.SecurityContextHolderFilter@344f1ccd, org.springframework.security.web.header.HeaderWriterFilter@57bff4fd, org.springframework.security.web.authentication.logout.LogoutFilter@326a2bb3, org.springframework.security.oauth2.client.web.OAuth2AuthorizationRequestRedirectFilter@4485a95d, org.springframework.security.oauth2.client.web.OAuth2LoginAuthenticationFilter@939bdac, org.springframework.security.web.authentication.UsernamePasswordAuthenticationFilter@2d21073, org.springframework.security.web.savedrequest.RequestCacheAwareFilter@57d34563, org.springframework.security.web.servletapi.SecurityContextHolderAwareRequestFilter@563fe7fd, org.springframework.security.web.authentication.AnonymousAuthenticationFilter@295171d9, org.springframework.security.web.access.ExceptionTranslationFilter@3805db1, org.springframework.security.web.access.intercept.FilterSecurityInterceptor@65e7d623]
[INFO ] 13-12-2023 11:21:22 [restartedMain] OptionalLiveReloadServer - LiveReload server is running on port 35729
[INFO ] 13-12-2023 11:21:22 [restartedMain] Http11NioProtocol - Starting ProtocolHandler ["http-nio-8080"]
[INFO ] 13-12-2023 11:21:22 [restartedMain] TomcatWebServer - Tomcat started on port(s): 8080 (http) with context path ''
[INFO ] 13-12-2023 11:21:22 [restartedMain] GreenfarmApplication - Started GreenfarmApplication in 2.215 seconds (process running for 152.946)
[INFO ] 13-12-2023 11:21:22 [restartedMain] ConditionEvaluationDeltaLoggingListener - Condition evaluation unchanged
[INFO ] 13-12-2023 11:21:44 [File Watcher] LocalDevToolsAutoConfiguration$RestartingClassPathChangeChangedEventListener - Restarting due to 1 class path change (0 additions, 0 deletions, 1 modification)
[INFO ] 13-12-2023 11:21:45 [Thread-8] Http11NioProtocol - Pausing ProtocolHandler ["http-nio-8080"]
[INFO ] 13-12-2023 11:21:45 [Thread-8] StandardService - Stopping service [Tomcat]
[INFO ] 13-12-2023 11:21:45 [Thread-8] Http11NioProtocol - Stopping ProtocolHandler ["http-nio-8080"]
[INFO ] 13-12-2023 11:21:45 [Thread-8] Http11NioProtocol - Destroying ProtocolHandler ["http-nio-8080"]
[INFO ] 13-12-2023 11:21:45 [Thread-8] LocalContainerEntityManagerFactoryBean - Closing JPA EntityManagerFactory for persistence unit 'default'
[INFO ] 13-12-2023 11:21:45 [Thread-8] HikariDataSource - HikariPool-2 - Shutdown initiated...
[INFO ] 13-12-2023 11:21:45 [Thread-8] HikariDataSource - HikariPool-2 - Shutdown completed.
[INFO ] 13-12-2023 11:21:45 [restartedMain] GreenfarmApplication - Starting GreenfarmApplication using Java 17.0.7 with PID 2672 (D:\Ki 6\Java6ThayLiem\DATN\target\classes started by Admin in D:\Ki 6\Java6ThayLiem\DATN)
[DEBUG] 13-12-2023 11:21:45 [restartedMain] GreenfarmApplication - Running with Spring Boot v3.1.3, Spring v6.0.11
[INFO ] 13-12-2023 11:21:45 [restartedMain] GreenfarmApplication - No active profile set, falling back to 1 default profile: "default"
[INFO ] 13-12-2023 11:21:45 [restartedMain] RepositoryConfigurationDelegate - Bootstrapping Spring Data JPA repositories in DEFAULT mode.
[INFO ] 13-12-2023 11:21:45 [restartedMain] RepositoryConfigurationDelegate - Finished Spring Data repository scanning in 61 ms. Found 31 JPA repository interfaces.
[INFO ] 13-12-2023 11:21:45 [restartedMain] TomcatWebServer - Tomcat initialized with port(s): 8080 (http)
[INFO ] 13-12-2023 11:21:45 [restartedMain] Http11NioProtocol - Initializing ProtocolHandler ["http-nio-8080"]
[INFO ] 13-12-2023 11:21:45 [restartedMain] StandardService - Starting service [Tomcat]
[INFO ] 13-12-2023 11:21:45 [restartedMain] StandardEngine - Starting Servlet engine: [Apache Tomcat/10.1.12]
[INFO ] 13-12-2023 11:21:45 [restartedMain] [/] - Initializing Spring embedded WebApplicationContext
[INFO ] 13-12-2023 11:21:45 [restartedMain] ServletWebServerApplicationContext - Root WebApplicationContext: initialization completed in 527 ms
[INFO ] 13-12-2023 11:21:45 [restartedMain] HikariDataSource - HikariPool-3 - Starting...
[INFO ] 13-12-2023 11:21:45 [restartedMain] HikariPool - HikariPool-3 - Added connection com.mysql.cj.jdbc.ConnectionImpl@16003c25
[INFO ] 13-12-2023 11:21:45 [restartedMain] HikariDataSource - HikariPool-3 - Start completed.
[INFO ] 13-12-2023 11:21:45 [restartedMain] LogHelper - HHH000204: Processing PersistenceUnitInfo [name: default]
[INFO ] 13-12-2023 11:21:45 [restartedMain] BytecodeProviderInitiator - HHH000021: Bytecode provider name : bytebuddy
[INFO ] 13-12-2023 11:21:45 [restartedMain] SpringPersistenceUnitInfo - No LoadTimeWeaver setup: ignoring JPA class transformer
[INFO ] 13-12-2023 11:21:45 [restartedMain] BytecodeProviderInitiator - HHH000021: Bytecode provider name : bytebuddy
[INFO ] 13-12-2023 11:21:46 [restartedMain] JtaPlatformInitiator - HHH000490: Using JtaPlatform implementation: [org.hibernate.engine.transaction.jta.platform.internal.NoJtaPlatform]
[INFO ] 13-12-2023 11:21:46 [restartedMain] LocalContainerEntityManagerFactoryBean - Initialized JPA EntityManagerFactory for persistence unit 'default'
[WARN ] 13-12-2023 11:21:46 [restartedMain] JpaBaseConfiguration$JpaWebConfiguration - spring.jpa.open-in-view is enabled by default. Therefore, database queries may be performed during view rendering. Explicitly configure spring.jpa.open-in-view to disable this warning
[INFO ] 13-12-2023 11:21:46 [restartedMain] EndpointLinksResolver - Exposing 1 endpoint(s) beneath base path '/actuator'
[INFO ] 13-12-2023 11:21:46 [restartedMain] DefaultSecurityFilterChain - Will secure any request with [org.springframework.security.web.session.DisableEncodeUrlFilter@6b2fdd32, org.springframework.security.web.context.request.async.WebAsyncManagerIntegrationFilter@34b90acf, org.springframework.security.web.context.SecurityContextHolderFilter@32fc6bba, org.springframework.security.web.header.HeaderWriterFilter@5d6feb80, org.springframework.security.web.authentication.logout.LogoutFilter@22221b90, org.springframework.security.oauth2.client.web.OAuth2AuthorizationRequestRedirectFilter@440610, org.springframework.security.oauth2.client.web.OAuth2LoginAuthenticationFilter@5a0d7f1f, org.springframework.security.web.authentication.UsernamePasswordAuthenticationFilter@7115db9b, org.springframework.security.web.savedrequest.RequestCacheAwareFilter@2f7142c9, org.springframework.security.web.servletapi.SecurityContextHolderAwareRequestFilter@5143ddb8, org.springframework.security.web.authentication.AnonymousAuthenticationFilter@14edeece, org.springframework.security.web.access.ExceptionTranslationFilter@2e3a1ec9, org.springframework.security.web.access.intercept.FilterSecurityInterceptor@1dc59ac6]
[INFO ] 13-12-2023 11:21:46 [restartedMain] OptionalLiveReloadServer - LiveReload server is running on port 35729
[INFO ] 13-12-2023 11:21:46 [restartedMain] Http11NioProtocol - Starting ProtocolHandler ["http-nio-8080"]
[INFO ] 13-12-2023 11:21:46 [restartedMain] TomcatWebServer - Tomcat started on port(s): 8080 (http) with context path ''
[INFO ] 13-12-2023 11:21:46 [restartedMain] GreenfarmApplication - Started GreenfarmApplication in 1.864 seconds (process running for 177.693)
[INFO ] 13-12-2023 11:21:46 [restartedMain] ConditionEvaluationDeltaLoggingListener - Condition evaluation unchanged
[INFO ] 13-12-2023 11:21:52 [File Watcher] LocalDevToolsAutoConfiguration$RestartingClassPathChangeChangedEventListener - Restarting due to 1 class path change (0 additions, 0 deletions, 1 modification)
[INFO ] 13-12-2023 11:21:52 [Thread-12] Http11NioProtocol - Pausing ProtocolHandler ["http-nio-8080"]
[INFO ] 13-12-2023 11:21:52 [Thread-12] StandardService - Stopping service [Tomcat]
[INFO ] 13-12-2023 11:21:52 [Thread-12] Http11NioProtocol - Stopping ProtocolHandler ["http-nio-8080"]
[INFO ] 13-12-2023 11:21:53 [Thread-12] Http11NioProtocol - Destroying ProtocolHandler ["http-nio-8080"]
[INFO ] 13-12-2023 11:21:53 [Thread-12] LocalContainerEntityManagerFactoryBean - Closing JPA EntityManagerFactory for persistence unit 'default'
[INFO ] 13-12-2023 11:21:53 [Thread-12] HikariDataSource - HikariPool-3 - Shutdown initiated...
[INFO ] 13-12-2023 11:21:53 [Thread-12] HikariDataSource - HikariPool-3 - Shutdown completed.
[INFO ] 13-12-2023 11:21:53 [restartedMain] GreenfarmApplication - Starting GreenfarmApplication using Java 17.0.7 with PID 2672 (D:\Ki 6\Java6ThayLiem\DATN\target\classes started by Admin in D:\Ki 6\Java6ThayLiem\DATN)
[DEBUG] 13-12-2023 11:21:53 [restartedMain] GreenfarmApplication - Running with Spring Boot v3.1.3, Spring v6.0.11
[INFO ] 13-12-2023 11:21:53 [restartedMain] GreenfarmApplication - No active profile set, falling back to 1 default profile: "default"
[INFO ] 13-12-2023 11:21:53 [restartedMain] RepositoryConfigurationDelegate - Bootstrapping Spring Data JPA repositories in DEFAULT mode.
[INFO ] 13-12-2023 11:21:53 [restartedMain] RepositoryConfigurationDelegate - Finished Spring Data repository scanning in 54 ms. Found 31 JPA repository interfaces.
[INFO ] 13-12-2023 11:21:53 [restartedMain] TomcatWebServer - Tomcat initialized with port(s): 8080 (http)
[INFO ] 13-12-2023 11:21:53 [restartedMain] Http11NioProtocol - Initializing ProtocolHandler ["http-nio-8080"]
[INFO ] 13-12-2023 11:21:53 [restartedMain] StandardService - Starting service [Tomcat]
[INFO ] 13-12-2023 11:21:53 [restartedMain] StandardEngine - Starting Servlet engine: [Apache Tomcat/10.1.12]
[INFO ] 13-12-2023 11:21:53 [restartedMain] [/] - Initializing Spring embedded WebApplicationContext
[INFO ] 13-12-2023 11:21:53 [restartedMain] ServletWebServerApplicationContext - Root WebApplicationContext: initialization completed in 530 ms
[INFO ] 13-12-2023 11:21:53 [restartedMain] HikariDataSource - HikariPool-4 - Starting...
[INFO ] 13-12-2023 11:21:53 [restartedMain] HikariPool - HikariPool-4 - Added connection com.mysql.cj.jdbc.ConnectionImpl@60fd6b54
[INFO ] 13-12-2023 11:21:53 [restartedMain] HikariDataSource - HikariPool-4 - Start completed.
[INFO ] 13-12-2023 11:21:53 [restartedMain] LogHelper - HHH000204: Processing PersistenceUnitInfo [name: default]
[INFO ] 13-12-2023 11:21:53 [restartedMain] BytecodeProviderInitiator - HHH000021: Bytecode provider name : bytebuddy
[INFO ] 13-12-2023 11:21:53 [restartedMain] SpringPersistenceUnitInfo - No LoadTimeWeaver setup: ignoring JPA class transformer
[INFO ] 13-12-2023 11:21:53 [restartedMain] BytecodeProviderInitiator - HHH000021: Bytecode provider name : bytebuddy
[INFO ] 13-12-2023 11:21:54 [restartedMain] JtaPlatformInitiator - HHH000490: Using JtaPlatform implementation: [org.hibernate.engine.transaction.jta.platform.internal.NoJtaPlatform]
[INFO ] 13-12-2023 11:21:54 [restartedMain] LocalContainerEntityManagerFactoryBean - Initialized JPA EntityManagerFactory for persistence unit 'default'
[WARN ] 13-12-2023 11:21:54 [restartedMain] JpaBaseConfiguration$JpaWebConfiguration - spring.jpa.open-in-view is enabled by default. Therefore, database queries may be performed during view rendering. Explicitly configure spring.jpa.open-in-view to disable this warning
[INFO ] 13-12-2023 11:21:54 [restartedMain] EndpointLinksResolver - Exposing 1 endpoint(s) beneath base path '/actuator'
[INFO ] 13-12-2023 11:21:54 [restartedMain] DefaultSecurityFilterChain - Will secure any request with [org.springframework.security.web.session.DisableEncodeUrlFilter@791f6aea, org.springframework.security.web.context.request.async.WebAsyncManagerIntegrationFilter@7ad50921, org.springframework.security.web.context.SecurityContextHolderFilter@54e6d9de, org.springframework.security.web.header.HeaderWriterFilter@320a120b, org.springframework.security.web.authentication.logout.LogoutFilter@68f64938, org.springframework.security.oauth2.client.web.OAuth2AuthorizationRequestRedirectFilter@2cdac18f, org.springframework.security.oauth2.client.web.OAuth2LoginAuthenticationFilter@78aa0e00, org.springframework.security.web.authentication.UsernamePasswordAuthenticationFilter@39274dcd, org.springframework.security.web.savedrequest.RequestCacheAwareFilter@7588b395, org.springframework.security.web.servletapi.SecurityContextHolderAwareRequestFilter@68c484c1, org.springframework.security.web.authentication.AnonymousAuthenticationFilter@f9794d, org.springframework.security.web.access.ExceptionTranslationFilter@31d5909d, org.springframework.security.web.access.intercept.FilterSecurityInterceptor@4f49cfb0]
[INFO ] 13-12-2023 11:21:54 [restartedMain] OptionalLiveReloadServer - LiveReload server is running on port 35729
[INFO ] 13-12-2023 11:21:54 [restartedMain] Http11NioProtocol - Starting ProtocolHandler ["http-nio-8080"]
[INFO ] 13-12-2023 11:21:54 [restartedMain] TomcatWebServer - Tomcat started on port(s): 8080 (http) with context path ''
[INFO ] 13-12-2023 11:21:54 [restartedMain] GreenfarmApplication - Started GreenfarmApplication in 1.831 seconds (process running for 185.649)
[INFO ] 13-12-2023 11:21:54 [restartedMain] ConditionEvaluationDeltaLoggingListener - Condition evaluation unchanged
[INFO ] 13-12-2023 11:22:00 [http-nio-8080-exec-1] [/] - Initializing Spring DispatcherServlet 'dispatcherServlet'
[INFO ] 13-12-2023 11:22:00 [http-nio-8080-exec-1] DispatcherServlet - Initializing Servlet 'dispatcherServlet'
[INFO ] 13-12-2023 11:22:00 [http-nio-8080-exec-1] DispatcherServlet - Completed initialization in 1 ms
